<?xml version="1.0" encoding="UTF-8"?>
<robot generator="Robot 7.1.1 (Python 3.13.1 on win32)" generated="2025-01-30T09:01:43.631429" rpa="false" schemaversion="5">
<suite id="s1" name="Tests" source="D:\Robot-test\saucedemo-test\tests">
<suite id="s1-s1" name="Cart" source="D:\Robot-test\saucedemo-test\tests\cart.robot">
<test id="s1-s1-t1" name="Deve adicionar item no carrinho" line="10">
<kw name="Start session" owner="Base" type="SETUP">
<kw name="New Browser" owner="Browser">
<msg time="2025-01-30T09:01:45.054746" level="INFO">{"browser": "chromium", "headless": false, "chromiumSandbox": false, "devtools": false, "handleSIGHUP": true, "handleSIGINT": true, "handleSIGTERM": true, "slowMo": 0.0, "timeout": 30000.0, "tracesDir": "D:\\Robot-test\\saucedemo-test\\logs\\browser\\traces\\temp\\a4258152-125f-478f-a5a5-f3dceed7f7b9"}</msg>
<msg time="2025-01-30T09:01:45.176167" level="INFO">Starting Browser process C:\Python313\Lib\site-packages\Browser\wrapper\index.js using port 60816</msg>
<msg time="2025-01-30T09:01:45.177053" level="INFO">Node startup parameters: ['node', 'C:\\Python313\\Lib\\site-packages\\Browser\\wrapper\\index.js', '60816']</msg>
<msg time="2025-01-30T09:01:50.383126" level="INFO">Successfully created browser with options: {"browser":"chromium","headless":false,"chromiumSandbox":false,"devtools":false,"handleSIGHUP":true,"handleSIGINT":true,"handleSIGTERM":true,"slowMo":0,"timeout":30000,"tracesDir":"D:\\Robot-test\\saucedemo-test\\logs\\browser\\traces\\temp\\a4258152-125f-478f-a5a5-f3dceed7f7b9"}</msg>
<arg>browser=chromium</arg>
<arg>headless=False</arg>
<tag>BrowserControl</tag>
<tag>Setter</tag>
<doc>Create a new playwright Browser with specified options.</doc>
<status status="PASS" start="2025-01-30T09:01:45.053326" elapsed="5.330241"/>
</kw>
<kw name="New Page" owner="Browser">
<msg time="2025-01-30T09:01:53.013877" level="INFO">Successfully initialized new page object and opened url: https://www.saucedemo.com/</msg>
<msg time="2025-01-30T09:01:53.014010" level="INFO">No context was open. New context was automatically opened when this page is created.</msg>
<arg>https://www.saucedemo.com/</arg>
<tag>BrowserControl</tag>
<tag>Setter</tag>
<doc>Open a new Page.</doc>
<status status="PASS" start="2025-01-30T09:01:50.384176" elapsed="2.630184"/>
</kw>
<status status="PASS" start="2025-01-30T09:01:45.051798" elapsed="7.962900"/>
</kw>
<kw name="Submit login form" owner="Login">
<kw name="Fill Text" owner="Browser">
<msg time="2025-01-30T09:01:53.018579" level="INFO">Fills the text 'standard_user' in the given field.</msg>
<arg>xpath=//input[@id='user-name']</arg>
<arg>${username}</arg>
<tag>PageContent</tag>
<tag>Setter</tag>
<doc>Clears and fills the given ``txt`` into the text field found by ``selector``.</doc>
<status status="PASS" start="2025-01-30T09:01:53.017095" elapsed="0.093388"/>
</kw>
<kw name="Fill Text" owner="Browser">
<msg time="2025-01-30T09:01:53.112602" level="INFO">Fills the text 'secret_sauce' in the given field.</msg>
<arg>xpath=//input[@id='password']</arg>
<arg>${password}</arg>
<tag>PageContent</tag>
<tag>Setter</tag>
<doc>Clears and fills the given ``txt`` into the text field found by ``selector``.</doc>
<status status="PASS" start="2025-01-30T09:01:53.110947" elapsed="0.038139"/>
</kw>
<kw name="Click" owner="Browser">
<msg time="2025-01-30T09:01:53.151676" level="INFO">Clicks the element 'xpath=//input[@id='login-button']'.</msg>
<arg>xpath=//input[@id='login-button']</arg>
<tag>PageContent</tag>
<tag>Setter</tag>
<doc>Simulates mouse click on the element found by ``selector``.</doc>
<status status="PASS" start="2025-01-30T09:01:53.149571" elapsed="0.156642"/>
</kw>
<arg>standard_user</arg>
<arg>secret_sauce</arg>
<status status="PASS" start="2025-01-30T09:01:53.015651" elapsed="0.290827"/>
</kw>
<kw name="Add item to cart and verify count" owner="Inventory">
<kw name="Click" owner="Browser">
<msg time="2025-01-30T09:01:53.316319" level="INFO">Clicks the element 'id=add-to-cart-sauce-labs-backpack'.</msg>
<arg>id=add-to-cart-sauce-labs-backpack</arg>
<tag>PageContent</tag>
<tag>Setter</tag>
<doc>Simulates mouse click on the element found by ``selector``.</doc>
<status status="PASS" start="2025-01-30T09:01:53.314579" elapsed="0.080570"/>
</kw>
<kw name="Get Text" owner="Browser">
<msg time="2025-01-30T09:01:53.461074" level="INFO">Text: '1'</msg>
<msg time="2025-01-30T09:01:53.461431" level="INFO">${cart_value} = 1</msg>
<var>${cart_value}</var>
<arg>css=span[data-test="shopping-cart-badge"]</arg>
<tag>Assertion</tag>
<tag>Getter</tag>
<tag>PageContent</tag>
<doc>Returns text attribute of the element found by ``selector``.</doc>
<status status="PASS" start="2025-01-30T09:01:53.395656" elapsed="0.065843"/>
</kw>
<kw name="Should Be Equal As Numbers" owner="BuiltIn">
<arg>${cart_value}</arg>
<arg>1</arg>
<doc>Fails if objects are unequal after converting them to real numbers.</doc>
<status status="PASS" start="2025-01-30T09:01:53.461851" elapsed="0.000867"/>
</kw>
<status status="PASS" start="2025-01-30T09:01:53.312920" elapsed="0.149953"/>
</kw>
<kw name="Go to cart page" owner="Navbar">
<kw name="Click" owner="Browser">
<msg time="2025-01-30T09:01:53.465915" level="INFO">Clicks the element 'css=div#shopping_cart_container a.shopping_cart_link'.</msg>
<arg>css=div#shopping_cart_container a.shopping_cart_link</arg>
<tag>PageContent</tag>
<tag>Setter</tag>
<doc>Simulates mouse click on the element found by ``selector``.</doc>
<status status="PASS" start="2025-01-30T09:01:53.464475" elapsed="0.086245"/>
</kw>
<kw name="Wait For Elements State" owner="Browser">
<msg time="2025-01-30T09:01:53.569846" level="INFO">Waited for Element with selector css=span &gt;&gt; text=Your Cart at state visible</msg>
<arg>css=span &gt;&gt; text=Your Cart</arg>
<tag>PageContent</tag>
<tag>Wait</tag>
<doc>Waits for the element found by ``selector`` to satisfy state option.</doc>
<status status="PASS" start="2025-01-30T09:01:53.551027" elapsed="0.019092"/>
</kw>
<status status="PASS" start="2025-01-30T09:01:53.463426" elapsed="0.106888"/>
</kw>
<kw name="Check item in cart page" owner="Inventory">
<kw name="Wait For Elements State" owner="Browser">
<msg time="2025-01-30T09:01:53.589574" level="INFO">Waited for Element with selector css=div.cart_item at state visible</msg>
<arg>css=div.cart_item</arg>
<arg>visible</arg>
<arg>5</arg>
<tag>PageContent</tag>
<tag>Wait</tag>
<doc>Waits for the element found by ``selector`` to satisfy state option.</doc>
<status status="PASS" start="2025-01-30T09:01:53.571800" elapsed="0.018017"/>
</kw>
<kw name="Get Text" owner="Browser">
<msg time="2025-01-30T09:01:53.635058" level="INFO">Text: 'Sauce Labs Backpack\ncarry.allTheThings() with the sleek, streamlined Sly Pack that melds uncompromising style with unequaled laptop and tablet protection.\n$29.99\nRemove'</msg>
<msg time="2025-01-30T09:01:53.635314" level="INFO">${item_in_cart} = Sauce Labs Backpack
carry.allTheThings() with the sleek, streamlined Sly Pack that melds uncompromising style with unequaled laptop and tablet protection.
$29.99
Remove</msg>
<var>${item_in_cart}</var>
<arg>css=div.cart_item_label</arg>
<tag>Assertion</tag>
<tag>Getter</tag>
<tag>PageContent</tag>
<doc>Returns text attribute of the element found by ``selector``.</doc>
<status status="PASS" start="2025-01-30T09:01:53.590125" elapsed="0.045248"/>
</kw>
<kw name="Should Contain" owner="BuiltIn">
<arg>${item_in_cart}</arg>
<arg>Sauce Labs Backpack</arg>
<doc>Fails if ``container`` does not contain ``item`` one or more times.</doc>
<status status="PASS" start="2025-01-30T09:01:53.635712" elapsed="0.000876"/>
</kw>
<status status="PASS" start="2025-01-30T09:01:53.570848" elapsed="0.065933"/>
</kw>
<kw name="Take Screenshot" owner="Browser" type="TEARDOWN">
<msg time="2025-01-30T09:01:53.798502" level="INFO" html="true">&lt;/td&gt;&lt;/tr&gt;&lt;tr&gt;&lt;td colspan="3"&gt;&lt;a href="browser/screenshot/robotframework-browser-screenshot-1.png" target="_blank"&gt;&lt;img src="browser/screenshot/robotframework-browser-screenshot-1.png" width="800px"/&gt;&lt;/a&gt;</msg>
<tag>PageContent</tag>
<doc>Takes a screenshot of the current window or element and saves it to disk.</doc>
<status status="PASS" start="2025-01-30T09:01:53.637421" elapsed="0.161670"/>
</kw>
<status status="PASS" start="2025-01-30T09:01:45.050350" elapsed="8.749130"/>
</test>
<test id="s1-s1-t2" name="Deve remover item do carrinho" line="23">
<kw name="Start session" owner="Base" type="SETUP">
<kw name="New Browser" owner="Browser">
<msg time="2025-01-30T09:01:53.951743" level="INFO">Switching browser to browser=5a089f7b-915b-4921-bec6-8ac49cf4964c</msg>
<msg time="2025-01-30T09:01:53.957788" level="INFO">Successfully changed active browser: browser=5a089f7b-915b-4921-bec6-8ac49cf4964c</msg>
<msg time="2025-01-30T09:01:53.957980" level="INFO">Reusing existing browser with id: browser=5a089f7b-915b-4921-bec6-8ac49cf4964c</msg>
<arg>browser=chromium</arg>
<arg>headless=False</arg>
<tag>BrowserControl</tag>
<tag>Setter</tag>
<doc>Create a new playwright Browser with specified options.</doc>
<status status="PASS" start="2025-01-30T09:01:53.950085" elapsed="0.007989"/>
</kw>
<kw name="New Page" owner="Browser">
<msg time="2025-01-30T09:01:55.041197" level="INFO">Successfully initialized new page object and opened url: https://www.saucedemo.com/</msg>
<msg time="2025-01-30T09:01:55.041361" level="INFO">No context was open. New context was automatically opened when this page is created.</msg>
<arg>https://www.saucedemo.com/</arg>
<tag>BrowserControl</tag>
<tag>Setter</tag>
<doc>Open a new Page.</doc>
<status status="PASS" start="2025-01-30T09:01:53.958362" elapsed="1.083398"/>
</kw>
<status status="PASS" start="2025-01-30T09:01:53.948767" elapsed="1.093332"/>
</kw>
<kw name="Submit login form" owner="Login">
<kw name="Fill Text" owner="Browser">
<msg time="2025-01-30T09:01:55.045894" level="INFO">Fills the text 'standard_user' in the given field.</msg>
<arg>xpath=//input[@id='user-name']</arg>
<arg>${username}</arg>
<tag>PageContent</tag>
<tag>Setter</tag>
<doc>Clears and fills the given ``txt`` into the text field found by ``selector``.</doc>
<status status="PASS" start="2025-01-30T09:01:55.044084" elapsed="0.068788"/>
</kw>
<kw name="Fill Text" owner="Browser">
<msg time="2025-01-30T09:01:55.115363" level="INFO">Fills the text 'secret_sauce' in the given field.</msg>
<arg>xpath=//input[@id='password']</arg>
<arg>${password}</arg>
<tag>PageContent</tag>
<tag>Setter</tag>
<doc>Clears and fills the given ``txt`` into the text field found by ``selector``.</doc>
<status status="PASS" start="2025-01-30T09:01:55.113449" elapsed="0.029619"/>
</kw>
<kw name="Click" owner="Browser">
<msg time="2025-01-30T09:01:55.145096" level="INFO">Clicks the element 'xpath=//input[@id='login-button']'.</msg>
<arg>xpath=//input[@id='login-button']</arg>
<tag>PageContent</tag>
<tag>Setter</tag>
<doc>Simulates mouse click on the element found by ``selector``.</doc>
<status status="PASS" start="2025-01-30T09:01:55.143430" elapsed="0.157149"/>
</kw>
<arg>standard_user</arg>
<arg>secret_sauce</arg>
<status status="PASS" start="2025-01-30T09:01:55.042842" elapsed="0.257939"/>
</kw>
<kw name="Add item to cart and verify count" owner="Inventory">
<kw name="Click" owner="Browser">
<msg time="2025-01-30T09:01:55.304280" level="INFO">Clicks the element 'id=add-to-cart-sauce-labs-backpack'.</msg>
<arg>id=add-to-cart-sauce-labs-backpack</arg>
<tag>PageContent</tag>
<tag>Setter</tag>
<doc>Simulates mouse click on the element found by ``selector``.</doc>
<status status="PASS" start="2025-01-30T09:01:55.302848" elapsed="0.071529"/>
</kw>
<kw name="Get Text" owner="Browser">
<msg time="2025-01-30T09:01:55.431453" level="INFO">Text: '1'</msg>
<msg time="2025-01-30T09:01:55.431741" level="INFO">${cart_value} = 1</msg>
<var>${cart_value}</var>
<arg>css=span[data-test="shopping-cart-badge"]</arg>
<tag>Assertion</tag>
<tag>Getter</tag>
<tag>PageContent</tag>
<doc>Returns text attribute of the element found by ``selector``.</doc>
<status status="PASS" start="2025-01-30T09:01:55.374722" elapsed="0.057101"/>
</kw>
<kw name="Should Be Equal As Numbers" owner="BuiltIn">
<arg>${cart_value}</arg>
<arg>1</arg>
<doc>Fails if objects are unequal after converting them to real numbers.</doc>
<status status="PASS" start="2025-01-30T09:01:55.432197" elapsed="0.000981"/>
</kw>
<status status="PASS" start="2025-01-30T09:01:55.301512" elapsed="0.131892"/>
</kw>
<kw name="Go to cart page" owner="Navbar">
<kw name="Click" owner="Browser">
<msg time="2025-01-30T09:01:55.436210" level="INFO">Clicks the element 'css=div#shopping_cart_container a.shopping_cart_link'.</msg>
<arg>css=div#shopping_cart_container a.shopping_cart_link</arg>
<tag>PageContent</tag>
<tag>Setter</tag>
<doc>Simulates mouse click on the element found by ``selector``.</doc>
<status status="PASS" start="2025-01-30T09:01:55.435046" elapsed="0.061417"/>
</kw>
<kw name="Wait For Elements State" owner="Browser">
<msg time="2025-01-30T09:01:55.510413" level="INFO">Waited for Element with selector css=span &gt;&gt; text=Your Cart at state visible</msg>
<arg>css=span &gt;&gt; text=Your Cart</arg>
<tag>PageContent</tag>
<tag>Wait</tag>
<doc>Waits for the element found by ``selector`` to satisfy state option.</doc>
<status status="PASS" start="2025-01-30T09:01:55.496824" elapsed="0.013897"/>
</kw>
<status status="PASS" start="2025-01-30T09:01:55.434029" elapsed="0.076920"/>
</kw>
<kw name="Click" owner="Browser">
<msg time="2025-01-30T09:01:55.513288" level="INFO">Clicks the element 'css=button#remove-sauce-labs-backpack'.</msg>
<arg>css=button#remove-sauce-labs-backpack</arg>
<tag>PageContent</tag>
<tag>Setter</tag>
<doc>Simulates mouse click on the element found by ``selector``.</doc>
<status status="PASS" start="2025-01-30T09:01:55.511551" elapsed="0.037174"/>
</kw>
<kw name="Wait For Elements State" owner="Browser">
<msg time="2025-01-30T09:01:55.562138" level="INFO">Waited for Element with selector css=div.removed_cart_item at state attached</msg>
<arg>css=div.removed_cart_item</arg>
<arg>attached</arg>
<arg>5</arg>
<tag>PageContent</tag>
<tag>Wait</tag>
<doc>Waits for the element found by ``selector`` to satisfy state option.</doc>
<status status="PASS" start="2025-01-30T09:01:55.549506" elapsed="0.012868"/>
</kw>
<kw name="Take Screenshot" owner="Browser" type="TEARDOWN">
<msg time="2025-01-30T09:01:55.723368" level="INFO" html="true">&lt;/td&gt;&lt;/tr&gt;&lt;tr&gt;&lt;td colspan="3"&gt;&lt;a href="browser/screenshot/robotframework-browser-screenshot-2.png" target="_blank"&gt;&lt;img src="browser/screenshot/robotframework-browser-screenshot-2.png" width="800px"/&gt;&lt;/a&gt;</msg>
<tag>PageContent</tag>
<doc>Takes a screenshot of the current window or element and saves it to disk.</doc>
<status status="PASS" start="2025-01-30T09:01:55.563051" elapsed="0.160852"/>
</kw>
<tag>Remove</tag>
<status status="PASS" start="2025-01-30T09:01:53.938449" elapsed="1.785892"/>
</test>
<test id="s1-s1-t3" name="Permitir que o produto seja adicionado ao carrinho diretamente na página do produto clicado" line="34">
<kw name="Start session" owner="Base" type="SETUP">
<kw name="New Browser" owner="Browser">
<msg time="2025-01-30T09:01:55.883507" level="INFO">Switching browser to browser=5a089f7b-915b-4921-bec6-8ac49cf4964c</msg>
<msg time="2025-01-30T09:01:55.889026" level="INFO">Successfully changed active browser: browser=5a089f7b-915b-4921-bec6-8ac49cf4964c</msg>
<msg time="2025-01-30T09:01:55.889332" level="INFO">Reusing existing browser with id: browser=5a089f7b-915b-4921-bec6-8ac49cf4964c</msg>
<arg>browser=chromium</arg>
<arg>headless=False</arg>
<tag>BrowserControl</tag>
<tag>Setter</tag>
<doc>Create a new playwright Browser with specified options.</doc>
<status status="PASS" start="2025-01-30T09:01:55.881877" elapsed="0.007640"/>
</kw>
<kw name="New Page" owner="Browser">
<msg time="2025-01-30T09:01:57.312295" level="INFO">Successfully initialized new page object and opened url: https://www.saucedemo.com/</msg>
<msg time="2025-01-30T09:01:57.312424" level="INFO">No context was open. New context was automatically opened when this page is created.</msg>
<arg>https://www.saucedemo.com/</arg>
<tag>BrowserControl</tag>
<tag>Setter</tag>
<doc>Open a new Page.</doc>
<status status="PASS" start="2025-01-30T09:01:55.889961" elapsed="1.435459"/>
</kw>
<status status="PASS" start="2025-01-30T09:01:55.880302" elapsed="1.445423"/>
</kw>
<kw name="Submit login form" owner="Login">
<kw name="Fill Text" owner="Browser">
<msg time="2025-01-30T09:01:57.328280" level="INFO">Fills the text 'standard_user' in the given field.</msg>
<arg>xpath=//input[@id='user-name']</arg>
<arg>${username}</arg>
<tag>PageContent</tag>
<tag>Setter</tag>
<doc>Clears and fills the given ``txt`` into the text field found by ``selector``.</doc>
<status status="PASS" start="2025-01-30T09:01:57.327247" elapsed="0.066188"/>
</kw>
<kw name="Fill Text" owner="Browser">
<msg time="2025-01-30T09:01:57.395812" level="INFO">Fills the text 'secret_sauce' in the given field.</msg>
<arg>xpath=//input[@id='password']</arg>
<arg>${password}</arg>
<tag>PageContent</tag>
<tag>Setter</tag>
<doc>Clears and fills the given ``txt`` into the text field found by ``selector``.</doc>
<status status="PASS" start="2025-01-30T09:01:57.393906" elapsed="0.036939"/>
</kw>
<kw name="Click" owner="Browser">
<msg time="2025-01-30T09:01:57.432204" level="INFO">Clicks the element 'xpath=//input[@id='login-button']'.</msg>
<arg>xpath=//input[@id='login-button']</arg>
<tag>PageContent</tag>
<tag>Setter</tag>
<doc>Simulates mouse click on the element found by ``selector``.</doc>
<status status="PASS" start="2025-01-30T09:01:57.431181" elapsed="0.159298"/>
</kw>
<arg>standard_user</arg>
<arg>secret_sauce</arg>
<status status="PASS" start="2025-01-30T09:01:57.326275" elapsed="0.264496"/>
</kw>
<kw name="Click product and check details" owner="Inventory">
<kw name="Click" owner="Browser">
<msg time="2025-01-30T09:01:57.597545" level="INFO">Clicks the element 'xpath=//div[text()="Sauce Labs Backpack"]'.</msg>
<arg>xpath=//div[text()="Sauce Labs Backpack"]</arg>
<tag>PageContent</tag>
<tag>Setter</tag>
<doc>Simulates mouse click on the element found by ``selector``.</doc>
<status status="PASS" start="2025-01-30T09:01:57.595668" elapsed="0.090645"/>
</kw>
<kw name="Wait For Elements State" owner="Browser">
<msg time="2025-01-30T09:01:57.700786" level="INFO">Waited for Element with selector text=Sauce Labs Backpack at state visible</msg>
<arg>text=Sauce Labs Backpack</arg>
<arg>visible</arg>
<arg>5</arg>
<tag>PageContent</tag>
<tag>Wait</tag>
<doc>Waits for the element found by ``selector`` to satisfy state option.</doc>
<status status="PASS" start="2025-01-30T09:01:57.686840" elapsed="0.014217"/>
</kw>
<status status="PASS" start="2025-01-30T09:01:57.593541" elapsed="0.107722"/>
</kw>
<kw name="Click" owner="Browser">
<msg time="2025-01-30T09:01:57.702859" level="INFO">Clicks the element 'css=button#add-to-cart'.</msg>
<arg>css=button#add-to-cart</arg>
<tag>PageContent</tag>
<tag>Setter</tag>
<doc>Simulates mouse click on the element found by ``selector``.</doc>
<status status="PASS" start="2025-01-30T09:01:57.701754" elapsed="0.055941"/>
</kw>
<kw name="Get Text" owner="Browser">
<msg time="2025-01-30T09:01:57.801892" level="INFO">Text: '1'</msg>
<msg time="2025-01-30T09:01:57.802109" level="INFO">${cart_value} = 1</msg>
<var>${cart_value}</var>
<arg>css=span[data-test="shopping-cart-badge"]</arg>
<tag>Assertion</tag>
<tag>Getter</tag>
<tag>PageContent</tag>
<doc>Returns text attribute of the element found by ``selector``.</doc>
<status status="PASS" start="2025-01-30T09:01:57.758221" elapsed="0.043934"/>
</kw>
<kw name="Should Be Equal As Numbers" owner="BuiltIn">
<arg>${cart_value}</arg>
<arg>1</arg>
<doc>Fails if objects are unequal after converting them to real numbers.</doc>
<status status="PASS" start="2025-01-30T09:01:57.802662" elapsed="0.001230"/>
</kw>
<kw name="Go to cart page" owner="Navbar">
<kw name="Click" owner="Browser">
<msg time="2025-01-30T09:01:57.807200" level="INFO">Clicks the element 'css=div#shopping_cart_container a.shopping_cart_link'.</msg>
<arg>css=div#shopping_cart_container a.shopping_cart_link</arg>
<tag>PageContent</tag>
<tag>Setter</tag>
<doc>Simulates mouse click on the element found by ``selector``.</doc>
<status status="PASS" start="2025-01-30T09:01:57.805979" elapsed="0.070916"/>
</kw>
<kw name="Wait For Elements State" owner="Browser">
<msg time="2025-01-30T09:01:57.888508" level="INFO">Waited for Element with selector css=span &gt;&gt; text=Your Cart at state visible</msg>
<arg>css=span &gt;&gt; text=Your Cart</arg>
<tag>PageContent</tag>
<tag>Wait</tag>
<doc>Waits for the element found by ``selector`` to satisfy state option.</doc>
<status status="PASS" start="2025-01-30T09:01:57.877207" elapsed="0.011582"/>
</kw>
<status status="PASS" start="2025-01-30T09:01:57.804654" elapsed="0.084337"/>
</kw>
<kw name="Check item in cart page" owner="Inventory">
<kw name="Wait For Elements State" owner="Browser">
<msg time="2025-01-30T09:01:57.903185" level="INFO">Waited for Element with selector css=div.cart_item at state visible</msg>
<arg>css=div.cart_item</arg>
<arg>visible</arg>
<arg>5</arg>
<tag>PageContent</tag>
<tag>Wait</tag>
<doc>Waits for the element found by ``selector`` to satisfy state option.</doc>
<status status="PASS" start="2025-01-30T09:01:57.890625" elapsed="0.012813"/>
</kw>
<kw name="Get Text" owner="Browser">
<msg time="2025-01-30T09:01:57.932257" level="INFO">Text: 'Sauce Labs Backpack\ncarry.allTheThings() with the sleek, streamlined Sly Pack that melds uncompromising style with unequaled laptop and tablet protection.\n$29.99\nRemove'</msg>
<msg time="2025-01-30T09:01:57.932450" level="INFO">${item_in_cart} = Sauce Labs Backpack
carry.allTheThings() with the sleek, streamlined Sly Pack that melds uncompromising style with unequaled laptop and tablet protection.
$29.99
Remove</msg>
<var>${item_in_cart}</var>
<arg>css=div.cart_item_label</arg>
<tag>Assertion</tag>
<tag>Getter</tag>
<tag>PageContent</tag>
<doc>Returns text attribute of the element found by ``selector``.</doc>
<status status="PASS" start="2025-01-30T09:01:57.903770" elapsed="0.028721"/>
</kw>
<kw name="Should Contain" owner="BuiltIn">
<arg>${item_in_cart}</arg>
<arg>Sauce Labs Backpack</arg>
<doc>Fails if ``container`` does not contain ``item`` one or more times.</doc>
<status status="PASS" start="2025-01-30T09:01:57.932744" elapsed="0.000574"/>
</kw>
<status status="PASS" start="2025-01-30T09:01:57.889614" elapsed="0.043813"/>
</kw>
<kw name="Take Screenshot" owner="Browser" type="TEARDOWN">
<msg time="2025-01-30T09:01:58.072231" level="INFO" html="true">&lt;/td&gt;&lt;/tr&gt;&lt;tr&gt;&lt;td colspan="3"&gt;&lt;a href="browser/screenshot/robotframework-browser-screenshot-3.png" target="_blank"&gt;&lt;img src="browser/screenshot/robotframework-browser-screenshot-3.png" width="800px"/&gt;&lt;/a&gt;</msg>
<tag>PageContent</tag>
<doc>Takes a screenshot of the current window or element and saves it to disk.</doc>
<status status="PASS" start="2025-01-30T09:01:57.933981" elapsed="0.138550"/>
</kw>
<tag>Test</tag>
<status status="PASS" start="2025-01-30T09:01:55.869058" elapsed="2.204149"/>
</test>
<doc>Cenários de teste do carrinho de compras</doc>
<status status="PASS" start="2025-01-30T09:01:43.706933" elapsed="14.556763"/>
</suite>
<suite id="s1-s2" name="Checkout" source="D:\Robot-test\saucedemo-test\tests\checkout.robot">
<test id="s1-s2-t1" name="Deve validar o fluxo completo de checkout" line="14">
<kw name="Start session" owner="Base" type="SETUP">
<kw name="New Browser" owner="Browser">
<msg time="2025-01-30T09:01:58.364286" level="INFO">Switching browser to browser=5a089f7b-915b-4921-bec6-8ac49cf4964c</msg>
<msg time="2025-01-30T09:01:58.367669" level="INFO">Successfully changed active browser: browser=5a089f7b-915b-4921-bec6-8ac49cf4964c</msg>
<msg time="2025-01-30T09:01:58.367931" level="INFO">Reusing existing browser with id: browser=5a089f7b-915b-4921-bec6-8ac49cf4964c</msg>
<arg>browser=chromium</arg>
<arg>headless=False</arg>
<tag>BrowserControl</tag>
<tag>Setter</tag>
<doc>Create a new playwright Browser with specified options.</doc>
<status status="PASS" start="2025-01-30T09:01:58.363149" elapsed="0.004939"/>
</kw>
<kw name="New Page" owner="Browser">
<msg time="2025-01-30T09:01:59.636284" level="INFO">Successfully initialized new page object and opened url: https://www.saucedemo.com/</msg>
<msg time="2025-01-30T09:01:59.636394" level="INFO">No context was open. New context was automatically opened when this page is created.</msg>
<arg>https://www.saucedemo.com/</arg>
<tag>BrowserControl</tag>
<tag>Setter</tag>
<doc>Open a new Page.</doc>
<status status="PASS" start="2025-01-30T09:01:58.368579" elapsed="1.268043"/>
</kw>
<status status="PASS" start="2025-01-30T09:01:58.361941" elapsed="1.274867"/>
</kw>
<kw name="Submit login form" owner="Login">
<kw name="Fill Text" owner="Browser">
<msg time="2025-01-30T09:01:59.640273" level="INFO">Fills the text 'standard_user' in the given field.</msg>
<arg>xpath=//input[@id='user-name']</arg>
<arg>${username}</arg>
<tag>PageContent</tag>
<tag>Setter</tag>
<doc>Clears and fills the given ``txt`` into the text field found by ``selector``.</doc>
<status status="PASS" start="2025-01-30T09:01:59.638808" elapsed="0.062891"/>
</kw>
<kw name="Fill Text" owner="Browser">
<msg time="2025-01-30T09:01:59.704064" level="INFO">Fills the text 'secret_sauce' in the given field.</msg>
<arg>xpath=//input[@id='password']</arg>
<arg>${password}</arg>
<tag>PageContent</tag>
<tag>Setter</tag>
<doc>Clears and fills the given ``txt`` into the text field found by ``selector``.</doc>
<status status="PASS" start="2025-01-30T09:01:59.702103" elapsed="0.038063"/>
</kw>
<kw name="Click" owner="Browser">
<msg time="2025-01-30T09:01:59.741628" level="INFO">Clicks the element 'xpath=//input[@id='login-button']'.</msg>
<arg>xpath=//input[@id='login-button']</arg>
<tag>PageContent</tag>
<tag>Setter</tag>
<doc>Simulates mouse click on the element found by ``selector``.</doc>
<status status="PASS" start="2025-01-30T09:01:59.740459" elapsed="0.148509"/>
</kw>
<arg>standard_user</arg>
<arg>secret_sauce</arg>
<status status="PASS" start="2025-01-30T09:01:59.637446" elapsed="0.251750"/>
</kw>
<kw name="Add item to cart and verify count" owner="Inventory">
<kw name="Click" owner="Browser">
<msg time="2025-01-30T09:01:59.892510" level="INFO">Clicks the element 'id=add-to-cart-sauce-labs-backpack'.</msg>
<arg>id=add-to-cart-sauce-labs-backpack</arg>
<tag>PageContent</tag>
<tag>Setter</tag>
<doc>Simulates mouse click on the element found by ``selector``.</doc>
<status status="PASS" start="2025-01-30T09:01:59.891130" elapsed="0.074985"/>
</kw>
<kw name="Get Text" owner="Browser">
<msg time="2025-01-30T09:02:00.014177" level="INFO">Text: '1'</msg>
<msg time="2025-01-30T09:02:00.014394" level="INFO">${cart_value} = 1</msg>
<var>${cart_value}</var>
<arg>css=span[data-test="shopping-cart-badge"]</arg>
<tag>Assertion</tag>
<tag>Getter</tag>
<tag>PageContent</tag>
<doc>Returns text attribute of the element found by ``selector``.</doc>
<status status="PASS" start="2025-01-30T09:01:59.966530" elapsed="0.047913"/>
</kw>
<kw name="Should Be Equal As Numbers" owner="BuiltIn">
<arg>${cart_value}</arg>
<arg>1</arg>
<doc>Fails if objects are unequal after converting them to real numbers.</doc>
<status status="PASS" start="2025-01-30T09:02:00.014744" elapsed="0.000871"/>
</kw>
<status status="PASS" start="2025-01-30T09:01:59.889913" elapsed="0.125871"/>
</kw>
<kw name="Go to cart page" owner="Navbar">
<kw name="Click" owner="Browser">
<msg time="2025-01-30T09:02:00.018580" level="INFO">Clicks the element 'css=div#shopping_cart_container a.shopping_cart_link'.</msg>
<arg>css=div#shopping_cart_container a.shopping_cart_link</arg>
<tag>PageContent</tag>
<tag>Setter</tag>
<doc>Simulates mouse click on the element found by ``selector``.</doc>
<status status="PASS" start="2025-01-30T09:02:00.017727" elapsed="0.069924"/>
</kw>
<kw name="Wait For Elements State" owner="Browser">
<msg time="2025-01-30T09:02:00.100216" level="INFO">Waited for Element with selector css=span &gt;&gt; text=Your Cart at state visible</msg>
<arg>css=span &gt;&gt; text=Your Cart</arg>
<tag>PageContent</tag>
<tag>Wait</tag>
<doc>Waits for the element found by ``selector`` to satisfy state option.</doc>
<status status="PASS" start="2025-01-30T09:02:00.088011" elapsed="0.012556"/>
</kw>
<status status="PASS" start="2025-01-30T09:02:00.016802" elapsed="0.083953"/>
</kw>
<kw name="Click" owner="Browser">
<msg time="2025-01-30T09:02:00.102260" level="INFO">Clicks the element 'id=checkout'.</msg>
<arg>id=checkout</arg>
<tag>PageContent</tag>
<tag>Setter</tag>
<doc>Simulates mouse click on the element found by ``selector``.</doc>
<status status="PASS" start="2025-01-30T09:02:00.101211" elapsed="0.042495"/>
</kw>
<kw name="Fill Text" owner="Browser">
<msg time="2025-01-30T09:02:00.145306" level="INFO">Fills the text 'Marcos' in the given field.</msg>
<arg>id=first-name</arg>
<arg>Marcos</arg>
<tag>PageContent</tag>
<tag>Setter</tag>
<doc>Clears and fills the given ``txt`` into the text field found by ``selector``.</doc>
<status status="PASS" start="2025-01-30T09:02:00.144230" elapsed="0.022915"/>
</kw>
<kw name="Fill Text" owner="Browser">
<msg time="2025-01-30T09:02:00.169921" level="INFO">Fills the text 'Araujo' in the given field.</msg>
<arg>id=last-name</arg>
<arg>Araujo</arg>
<tag>PageContent</tag>
<tag>Setter</tag>
<doc>Clears and fills the given ``txt`` into the text field found by ``selector``.</doc>
<status status="PASS" start="2025-01-30T09:02:00.168079" elapsed="0.041737"/>
</kw>
<kw name="Fill Text" owner="Browser">
<msg time="2025-01-30T09:02:00.212001" level="INFO">Fills the text '47740046' in the given field.</msg>
<arg>id=postal-code</arg>
<arg>47740046</arg>
<tag>PageContent</tag>
<tag>Setter</tag>
<doc>Clears and fills the given ``txt`` into the text field found by ``selector``.</doc>
<status status="PASS" start="2025-01-30T09:02:00.210511" elapsed="0.043399"/>
</kw>
<kw name="Click" owner="Browser">
<msg time="2025-01-30T09:02:00.255854" level="INFO">Clicks the element 'id=continue'.</msg>
<arg>id=continue</arg>
<tag>PageContent</tag>
<tag>Setter</tag>
<doc>Simulates mouse click on the element found by ``selector``.</doc>
<status status="PASS" start="2025-01-30T09:02:00.254593" elapsed="0.070358"/>
</kw>
<kw name="Click" owner="Browser">
<msg time="2025-01-30T09:02:00.326818" level="INFO">Clicks the element 'xpath=//button[@name='finish']'.</msg>
<arg>xpath=//button[@name='finish']</arg>
<tag>PageContent</tag>
<tag>Setter</tag>
<doc>Simulates mouse click on the element found by ``selector``.</doc>
<status status="PASS" start="2025-01-30T09:02:00.325834" elapsed="0.073052"/>
</kw>
<kw name="Set Variable" owner="BuiltIn">
<msg time="2025-01-30T09:02:00.400250" level="INFO">${element} = css=.complete-header</msg>
<var>${element}</var>
<arg>css=.complete-header</arg>
<doc>Returns the given values which can then be assigned to a variables.</doc>
<status status="PASS" start="2025-01-30T09:02:00.399530" elapsed="0.000778"/>
</kw>
<kw name="Wait For Elements State" owner="Browser">
<msg time="2025-01-30T09:02:00.416759" level="INFO">Waited for Element with selector css=.complete-header at state visible</msg>
<arg>${element}</arg>
<arg>visible</arg>
<arg>5</arg>
<tag>PageContent</tag>
<tag>Wait</tag>
<doc>Waits for the element found by ``selector`` to satisfy state option.</doc>
<status status="PASS" start="2025-01-30T09:02:00.400739" elapsed="0.016258"/>
</kw>
<kw name="Get Text" owner="Browser">
<msg time="2025-01-30T09:02:00.449767" level="INFO">Text: 'Thank you for your order!'</msg>
<arg>${element}</arg>
<arg>equal</arg>
<arg>Thank you for your order!</arg>
<tag>Assertion</tag>
<tag>Getter</tag>
<tag>PageContent</tag>
<doc>Returns text attribute of the element found by ``selector``.</doc>
<status status="PASS" start="2025-01-30T09:02:00.417483" elapsed="0.032450"/>
</kw>
<kw name="Take Screenshot" owner="Browser" type="TEARDOWN">
<msg time="2025-01-30T09:02:00.603090" level="INFO" html="true">&lt;/td&gt;&lt;/tr&gt;&lt;tr&gt;&lt;td colspan="3"&gt;&lt;a href="browser/screenshot/robotframework-browser-screenshot-4.png" target="_blank"&gt;&lt;img src="browser/screenshot/robotframework-browser-screenshot-4.png" width="800px"/&gt;&lt;/a&gt;</msg>
<tag>PageContent</tag>
<doc>Takes a screenshot of the current window or element and saves it to disk.</doc>
<status status="PASS" start="2025-01-30T09:02:00.450684" elapsed="0.152848"/>
</kw>
<status status="PASS" start="2025-01-30T09:01:58.355832" elapsed="2.248281"/>
</test>
<doc>Cenarios de teste checkout</doc>
<status status="PASS" start="2025-01-30T09:01:58.276437" elapsed="2.447236"/>
</suite>
<suite id="s1-s3" name="Login" source="D:\Robot-test\saucedemo-test\tests\login.robot">
<test id="s1-s3-t1" name="Deve logar como usuário" line="10">
<kw name="Start session" owner="Base" type="SETUP">
<kw name="New Browser" owner="Browser">
<msg time="2025-01-30T09:02:00.778544" level="INFO">Switching browser to browser=5a089f7b-915b-4921-bec6-8ac49cf4964c</msg>
<msg time="2025-01-30T09:02:00.782622" level="INFO">Successfully changed active browser: browser=5a089f7b-915b-4921-bec6-8ac49cf4964c</msg>
<msg time="2025-01-30T09:02:00.782811" level="INFO">Reusing existing browser with id: browser=5a089f7b-915b-4921-bec6-8ac49cf4964c</msg>
<arg>browser=chromium</arg>
<arg>headless=False</arg>
<tag>BrowserControl</tag>
<tag>Setter</tag>
<doc>Create a new playwright Browser with specified options.</doc>
<status status="PASS" start="2025-01-30T09:02:00.776828" elapsed="0.006074"/>
</kw>
<kw name="New Page" owner="Browser">
<msg time="2025-01-30T09:02:01.998196" level="INFO">Successfully initialized new page object and opened url: https://www.saucedemo.com/</msg>
<msg time="2025-01-30T09:02:01.998321" level="INFO">No context was open. New context was automatically opened when this page is created.</msg>
<arg>https://www.saucedemo.com/</arg>
<tag>BrowserControl</tag>
<tag>Setter</tag>
<doc>Open a new Page.</doc>
<status status="PASS" start="2025-01-30T09:02:00.783508" elapsed="1.215111"/>
</kw>
<status status="PASS" start="2025-01-30T09:02:00.775695" elapsed="1.223189"/>
</kw>
<kw name="Submit login form" owner="Login">
<kw name="Fill Text" owner="Browser">
<msg time="2025-01-30T09:02:02.002168" level="INFO">Fills the text 'standard_user' in the given field.</msg>
<arg>xpath=//input[@id='user-name']</arg>
<arg>${username}</arg>
<tag>PageContent</tag>
<tag>Setter</tag>
<doc>Clears and fills the given ``txt`` into the text field found by ``selector``.</doc>
<status status="PASS" start="2025-01-30T09:02:02.000764" elapsed="0.072638"/>
</kw>
<kw name="Fill Text" owner="Browser">
<msg time="2025-01-30T09:02:02.076188" level="INFO">Fills the text 'secret_sauce' in the given field.</msg>
<arg>xpath=//input[@id='password']</arg>
<arg>${password}</arg>
<tag>PageContent</tag>
<tag>Setter</tag>
<doc>Clears and fills the given ``txt`` into the text field found by ``selector``.</doc>
<status status="PASS" start="2025-01-30T09:02:02.073727" elapsed="0.037383"/>
</kw>
<kw name="Click" owner="Browser">
<msg time="2025-01-30T09:02:02.113163" level="INFO">Clicks the element 'xpath=//input[@id='login-button']'.</msg>
<arg>xpath=//input[@id='login-button']</arg>
<tag>PageContent</tag>
<tag>Setter</tag>
<doc>Simulates mouse click on the element found by ``selector``.</doc>
<status status="PASS" start="2025-01-30T09:02:02.111544" elapsed="0.146109"/>
</kw>
<arg>standard_user</arg>
<arg>secret_sauce</arg>
<status status="PASS" start="2025-01-30T09:02:01.999673" elapsed="0.258334"/>
</kw>
<kw name="Verify Products Page Loaded" owner="Login">
<kw name="Wait For Elements State" owner="Browser">
<msg time="2025-01-30T09:02:02.284720" level="INFO">Waited for Element with selector text=Products at state visible</msg>
<arg>text=Products</arg>
<arg>visible</arg>
<arg>5</arg>
<tag>PageContent</tag>
<tag>Wait</tag>
<doc>Waits for the element found by ``selector`` to satisfy state option.</doc>
<status status="PASS" start="2025-01-30T09:02:02.261818" elapsed="0.023323"/>
</kw>
<status status="PASS" start="2025-01-30T09:02:02.260511" elapsed="0.024967"/>
</kw>
<kw name="Take Screenshot" owner="Browser" type="TEARDOWN">
<msg time="2025-01-30T09:02:02.452092" level="INFO" html="true">&lt;/td&gt;&lt;/tr&gt;&lt;tr&gt;&lt;td colspan="3"&gt;&lt;a href="browser/screenshot/robotframework-browser-screenshot-5.png" target="_blank"&gt;&lt;img src="browser/screenshot/robotframework-browser-screenshot-5.png" width="800px"/&gt;&lt;/a&gt;</msg>
<tag>PageContent</tag>
<doc>Takes a screenshot of the current window or element and saves it to disk.</doc>
<status status="PASS" start="2025-01-30T09:02:02.286484" elapsed="0.165868"/>
</kw>
<status status="PASS" start="2025-01-30T09:02:00.770852" elapsed="1.681874"/>
</test>
<test id="s1-s3-t2" name="Tentativa de login com dados incorretos" line="14">
<kw name="Start session" owner="Base" type="SETUP">
<kw name="New Browser" owner="Browser">
<msg time="2025-01-30T09:02:02.574528" level="INFO">Switching browser to browser=5a089f7b-915b-4921-bec6-8ac49cf4964c</msg>
<msg time="2025-01-30T09:02:02.583064" level="INFO">Successfully changed active browser: browser=5a089f7b-915b-4921-bec6-8ac49cf4964c</msg>
<msg time="2025-01-30T09:02:02.583863" level="INFO">Reusing existing browser with id: browser=5a089f7b-915b-4921-bec6-8ac49cf4964c</msg>
<arg>browser=chromium</arg>
<arg>headless=False</arg>
<tag>BrowserControl</tag>
<tag>Setter</tag>
<doc>Create a new playwright Browser with specified options.</doc>
<status status="PASS" start="2025-01-30T09:02:02.572491" elapsed="0.011771"/>
</kw>
<kw name="New Page" owner="Browser">
<msg time="2025-01-30T09:02:03.886056" level="INFO">Successfully initialized new page object and opened url: https://www.saucedemo.com/</msg>
<msg time="2025-01-30T09:02:03.886178" level="INFO">No context was open. New context was automatically opened when this page is created.</msg>
<arg>https://www.saucedemo.com/</arg>
<tag>BrowserControl</tag>
<tag>Setter</tag>
<doc>Open a new Page.</doc>
<status status="PASS" start="2025-01-30T09:02:02.584746" elapsed="1.301710"/>
</kw>
<status status="PASS" start="2025-01-30T09:02:02.571115" elapsed="1.315588"/>
</kw>
<kw name="Login with verify notice">
<kw name="Submit login form" owner="Login">
<kw name="Fill Text" owner="Browser">
<msg time="2025-01-30T09:02:03.893636" level="INFO">Fills the text '' in the given field.</msg>
<arg>xpath=//input[@id='user-name']</arg>
<arg>${username}</arg>
<tag>PageContent</tag>
<tag>Setter</tag>
<doc>Clears and fills the given ``txt`` into the text field found by ``selector``.</doc>
<status status="PASS" start="2025-01-30T09:02:03.892309" elapsed="0.062203"/>
</kw>
<kw name="Fill Text" owner="Browser">
<msg time="2025-01-30T09:02:03.956587" level="INFO">Fills the text '' in the given field.</msg>
<arg>xpath=//input[@id='password']</arg>
<arg>${password}</arg>
<tag>PageContent</tag>
<tag>Setter</tag>
<doc>Clears and fills the given ``txt`` into the text field found by ``selector``.</doc>
<status status="PASS" start="2025-01-30T09:02:03.954937" elapsed="0.034296"/>
</kw>
<kw name="Click" owner="Browser">
<msg time="2025-01-30T09:02:03.990809" level="INFO">Clicks the element 'xpath=//input[@id='login-button']'.</msg>
<arg>xpath=//input[@id='login-button']</arg>
<tag>PageContent</tag>
<tag>Setter</tag>
<doc>Simulates mouse click on the element found by ``selector``.</doc>
<status status="PASS" start="2025-01-30T09:02:03.989648" elapsed="0.068007"/>
</kw>
<arg>${username}</arg>
<arg>${password}</arg>
<status status="PASS" start="2025-01-30T09:02:03.890698" elapsed="0.167166"/>
</kw>
<kw name="Notice should be" owner="Login">
<kw name="Wait For Elements State" owner="Browser">
<msg time="2025-01-30T09:02:04.069612" level="INFO">Waited for Element with selector //h3[@data-test='error'] at state visible</msg>
<arg>//h3[@data-test='error']</arg>
<arg>visible</arg>
<tag>PageContent</tag>
<tag>Wait</tag>
<doc>Waits for the element found by ``selector`` to satisfy state option.</doc>
<status status="PASS" start="2025-01-30T09:02:04.059192" elapsed="0.010788"/>
</kw>
<kw name="Get Text" owner="Browser">
<msg time="2025-01-30T09:02:04.121451" level="INFO">Text: 'Epic sadface: Username is required'</msg>
<msg time="2025-01-30T09:02:04.121707" level="INFO">${actual_message} = Epic sadface: Username is required</msg>
<var>${actual_message}</var>
<arg>//h3[@data-test='error']</arg>
<tag>Assertion</tag>
<tag>Getter</tag>
<tag>PageContent</tag>
<doc>Returns text attribute of the element found by ``selector``.</doc>
<status status="PASS" start="2025-01-30T09:02:04.070417" elapsed="0.051524"/>
</kw>
<kw name="Should Be Equal" owner="BuiltIn">
<arg>${actual_message}</arg>
<arg>${output_message}</arg>
<doc>Fails if the given objects are unequal.</doc>
<status status="PASS" start="2025-01-30T09:02:04.122346" elapsed="0.001074"/>
</kw>
<arg>${output_message}</arg>
<status status="PASS" start="2025-01-30T09:02:04.058176" elapsed="0.065438"/>
</kw>
<arg>${EMPTY}</arg>
<arg>${EMPTY}</arg>
<arg>Epic sadface: Username is required</arg>
<status status="PASS" start="2025-01-30T09:02:03.887587" elapsed="0.236148"/>
</kw>
<kw name="Login with verify notice">
<kw name="Submit login form" owner="Login">
<kw name="Fill Text" owner="Browser">
<msg time="2025-01-30T09:02:04.127960" level="INFO">Fills the text 'standard_user' in the given field.</msg>
<arg>xpath=//input[@id='user-name']</arg>
<arg>${username}</arg>
<tag>PageContent</tag>
<tag>Setter</tag>
<doc>Clears and fills the given ``txt`` into the text field found by ``selector``.</doc>
<status status="PASS" start="2025-01-30T09:02:04.127040" elapsed="0.035573"/>
</kw>
<kw name="Fill Text" owner="Browser">
<msg time="2025-01-30T09:02:04.164683" level="INFO">Fills the text '' in the given field.</msg>
<arg>xpath=//input[@id='password']</arg>
<arg>${password}</arg>
<tag>PageContent</tag>
<tag>Setter</tag>
<doc>Clears and fills the given ``txt`` into the text field found by ``selector``.</doc>
<status status="PASS" start="2025-01-30T09:02:04.163009" elapsed="0.026088"/>
</kw>
<kw name="Click" owner="Browser">
<msg time="2025-01-30T09:02:04.190503" level="INFO">Clicks the element 'xpath=//input[@id='login-button']'.</msg>
<arg>xpath=//input[@id='login-button']</arg>
<tag>PageContent</tag>
<tag>Setter</tag>
<doc>Simulates mouse click on the element found by ``selector``.</doc>
<status status="PASS" start="2025-01-30T09:02:04.189424" elapsed="0.047187"/>
</kw>
<arg>${username}</arg>
<arg>${password}</arg>
<status status="PASS" start="2025-01-30T09:02:04.126009" elapsed="0.110803"/>
</kw>
<kw name="Notice should be" owner="Login">
<kw name="Wait For Elements State" owner="Browser">
<msg time="2025-01-30T09:02:04.247834" level="INFO">Waited for Element with selector //h3[@data-test='error'] at state visible</msg>
<arg>//h3[@data-test='error']</arg>
<arg>visible</arg>
<tag>PageContent</tag>
<tag>Wait</tag>
<doc>Waits for the element found by ``selector`` to satisfy state option.</doc>
<status status="PASS" start="2025-01-30T09:02:04.238589" elapsed="0.009497"/>
</kw>
<kw name="Get Text" owner="Browser">
<msg time="2025-01-30T09:02:04.275406" level="INFO">Text: 'Epic sadface: Password is required'</msg>
<msg time="2025-01-30T09:02:04.275645" level="INFO">${actual_message} = Epic sadface: Password is required</msg>
<var>${actual_message}</var>
<arg>//h3[@data-test='error']</arg>
<tag>Assertion</tag>
<tag>Getter</tag>
<tag>PageContent</tag>
<doc>Returns text attribute of the element found by ``selector``.</doc>
<status status="PASS" start="2025-01-30T09:02:04.248396" elapsed="0.027303"/>
</kw>
<kw name="Should Be Equal" owner="BuiltIn">
<arg>${actual_message}</arg>
<arg>${output_message}</arg>
<doc>Fails if the given objects are unequal.</doc>
<status status="PASS" start="2025-01-30T09:02:04.276034" elapsed="0.000826"/>
</kw>
<arg>${output_message}</arg>
<status status="PASS" start="2025-01-30T09:02:04.237096" elapsed="0.039889"/>
</kw>
<arg>standard_user</arg>
<arg>${EMPTY}</arg>
<arg>Epic sadface: Password is required</arg>
<status status="PASS" start="2025-01-30T09:02:04.124307" elapsed="0.152768"/>
</kw>
<kw name="Login with verify notice">
<kw name="Submit login form" owner="Login">
<kw name="Fill Text" owner="Browser">
<msg time="2025-01-30T09:02:04.281265" level="INFO">Fills the text '' in the given field.</msg>
<arg>xpath=//input[@id='user-name']</arg>
<arg>${username}</arg>
<tag>PageContent</tag>
<tag>Setter</tag>
<doc>Clears and fills the given ``txt`` into the text field found by ``selector``.</doc>
<status status="PASS" start="2025-01-30T09:02:04.280032" elapsed="0.033739"/>
</kw>
<kw name="Fill Text" owner="Browser">
<msg time="2025-01-30T09:02:04.315730" level="INFO">Fills the text 'secret_sauce' in the given field.</msg>
<arg>xpath=//input[@id='password']</arg>
<arg>${password}</arg>
<tag>PageContent</tag>
<tag>Setter</tag>
<doc>Clears and fills the given ``txt`` into the text field found by ``selector``.</doc>
<status status="PASS" start="2025-01-30T09:02:04.314203" elapsed="0.024514"/>
</kw>
<kw name="Click" owner="Browser">
<msg time="2025-01-30T09:02:04.340946" level="INFO">Clicks the element 'xpath=//input[@id='login-button']'.</msg>
<arg>xpath=//input[@id='login-button']</arg>
<tag>PageContent</tag>
<tag>Setter</tag>
<doc>Simulates mouse click on the element found by ``selector``.</doc>
<status status="PASS" start="2025-01-30T09:02:04.339138" elapsed="0.045367"/>
</kw>
<arg>${username}</arg>
<arg>${password}</arg>
<status status="PASS" start="2025-01-30T09:02:04.278927" elapsed="0.105806"/>
</kw>
<kw name="Notice should be" owner="Login">
<kw name="Wait For Elements State" owner="Browser">
<msg time="2025-01-30T09:02:04.396443" level="INFO">Waited for Element with selector //h3[@data-test='error'] at state visible</msg>
<arg>//h3[@data-test='error']</arg>
<arg>visible</arg>
<tag>PageContent</tag>
<tag>Wait</tag>
<doc>Waits for the element found by ``selector`` to satisfy state option.</doc>
<status status="PASS" start="2025-01-30T09:02:04.386648" elapsed="0.010020"/>
</kw>
<kw name="Get Text" owner="Browser">
<msg time="2025-01-30T09:02:04.424039" level="INFO">Text: 'Epic sadface: Username is required'</msg>
<msg time="2025-01-30T09:02:04.424299" level="INFO">${actual_message} = Epic sadface: Username is required</msg>
<var>${actual_message}</var>
<arg>//h3[@data-test='error']</arg>
<tag>Assertion</tag>
<tag>Getter</tag>
<tag>PageContent</tag>
<doc>Returns text attribute of the element found by ``selector``.</doc>
<status status="PASS" start="2025-01-30T09:02:04.396976" elapsed="0.027379"/>
</kw>
<kw name="Should Be Equal" owner="BuiltIn">
<arg>${actual_message}</arg>
<arg>${output_message}</arg>
<doc>Fails if the given objects are unequal.</doc>
<status status="PASS" start="2025-01-30T09:02:04.424679" elapsed="0.000997"/>
</kw>
<arg>${output_message}</arg>
<status status="PASS" start="2025-01-30T09:02:04.385119" elapsed="0.040783"/>
</kw>
<arg>${EMPTY}</arg>
<arg>secret_sauce</arg>
<arg>Epic sadface: Username is required</arg>
<status status="PASS" start="2025-01-30T09:02:04.277534" elapsed="0.148493"/>
</kw>
<kw name="Login with verify notice">
<kw name="Submit login form" owner="Login">
<kw name="Fill Text" owner="Browser">
<msg time="2025-01-30T09:02:04.429507" level="INFO">Fills the text 'locked_out_user' in the given field.</msg>
<arg>xpath=//input[@id='user-name']</arg>
<arg>${username}</arg>
<tag>PageContent</tag>
<tag>Setter</tag>
<doc>Clears and fills the given ``txt`` into the text field found by ``selector``.</doc>
<status status="PASS" start="2025-01-30T09:02:04.428593" elapsed="0.031084"/>
</kw>
<kw name="Fill Text" owner="Browser">
<msg time="2025-01-30T09:02:04.461484" level="INFO">Fills the text 'secret_sauce' in the given field.</msg>
<arg>xpath=//input[@id='password']</arg>
<arg>${password}</arg>
<tag>PageContent</tag>
<tag>Setter</tag>
<doc>Clears and fills the given ``txt`` into the text field found by ``selector``.</doc>
<status status="PASS" start="2025-01-30T09:02:04.460086" elapsed="0.023126"/>
</kw>
<kw name="Click" owner="Browser">
<msg time="2025-01-30T09:02:04.485410" level="INFO">Clicks the element 'xpath=//input[@id='login-button']'.</msg>
<arg>xpath=//input[@id='login-button']</arg>
<tag>PageContent</tag>
<tag>Setter</tag>
<doc>Simulates mouse click on the element found by ``selector``.</doc>
<status status="PASS" start="2025-01-30T09:02:04.483589" elapsed="0.057905"/>
</kw>
<arg>${username}</arg>
<arg>${password}</arg>
<status status="PASS" start="2025-01-30T09:02:04.427679" elapsed="0.114308"/>
</kw>
<kw name="Notice should be" owner="Login">
<kw name="Wait For Elements State" owner="Browser">
<msg time="2025-01-30T09:02:04.551427" level="INFO">Waited for Element with selector //h3[@data-test='error'] at state visible</msg>
<arg>//h3[@data-test='error']</arg>
<arg>visible</arg>
<tag>PageContent</tag>
<tag>Wait</tag>
<doc>Waits for the element found by ``selector`` to satisfy state option.</doc>
<status status="PASS" start="2025-01-30T09:02:04.543242" elapsed="0.008433"/>
</kw>
<kw name="Get Text" owner="Browser">
<msg time="2025-01-30T09:02:04.576261" level="INFO">Text: 'Epic sadface: Sorry, this user has been locked out.'</msg>
<msg time="2025-01-30T09:02:04.576479" level="INFO">${actual_message} = Epic sadface: Sorry, this user has been locked out.</msg>
<var>${actual_message}</var>
<arg>//h3[@data-test='error']</arg>
<tag>Assertion</tag>
<tag>Getter</tag>
<tag>PageContent</tag>
<doc>Returns text attribute of the element found by ``selector``.</doc>
<status status="PASS" start="2025-01-30T09:02:04.551971" elapsed="0.024555"/>
</kw>
<kw name="Should Be Equal" owner="BuiltIn">
<arg>${actual_message}</arg>
<arg>${output_message}</arg>
<doc>Fails if the given objects are unequal.</doc>
<status status="PASS" start="2025-01-30T09:02:04.576822" elapsed="0.000721"/>
</kw>
<arg>${output_message}</arg>
<status status="PASS" start="2025-01-30T09:02:04.542372" elapsed="0.035338"/>
</kw>
<arg>locked_out_user</arg>
<arg>secret_sauce</arg>
<arg>Epic sadface: Sorry, this user has been locked out.</arg>
<status status="PASS" start="2025-01-30T09:02:04.426553" elapsed="0.151266"/>
</kw>
<kw name="Take Screenshot" owner="Browser" type="TEARDOWN">
<msg time="2025-01-30T09:02:04.717104" level="INFO" html="true">&lt;/td&gt;&lt;/tr&gt;&lt;tr&gt;&lt;td colspan="3"&gt;&lt;a href="browser/screenshot/robotframework-browser-screenshot-6.png" target="_blank"&gt;&lt;img src="browser/screenshot/robotframework-browser-screenshot-6.png" width="800px"/&gt;&lt;/a&gt;</msg>
<tag>PageContent</tag>
<doc>Takes a screenshot of the current window or element and saves it to disk.</doc>
<status status="PASS" start="2025-01-30T09:02:04.578306" elapsed="0.139106"/>
</kw>
<tag>incorrect</tag>
<status status="PASS" start="2025-01-30T09:02:02.558485" elapsed="2.159310"/>
</test>
<doc>Cénarios de teste de Login Usuário</doc>
<status status="PASS" start="2025-01-30T09:02:00.740529" elapsed="4.097694"/>
</suite>
<suite id="s1-s4" name="Products" source="D:\Robot-test\saucedemo-test\tests\products.robot">
<test id="s1-s4-t1" name="Deve visualizar detalhes do produto" line="14">
<kw name="Start session" owner="Base" type="SETUP">
<kw name="New Browser" owner="Browser">
<msg time="2025-01-30T09:02:04.895334" level="INFO">Switching browser to browser=5a089f7b-915b-4921-bec6-8ac49cf4964c</msg>
<msg time="2025-01-30T09:02:04.898644" level="INFO">Successfully changed active browser: browser=5a089f7b-915b-4921-bec6-8ac49cf4964c</msg>
<msg time="2025-01-30T09:02:04.898943" level="INFO">Reusing existing browser with id: browser=5a089f7b-915b-4921-bec6-8ac49cf4964c</msg>
<arg>browser=chromium</arg>
<arg>headless=False</arg>
<tag>BrowserControl</tag>
<tag>Setter</tag>
<doc>Create a new playwright Browser with specified options.</doc>
<status status="PASS" start="2025-01-30T09:02:04.894028" elapsed="0.005123"/>
</kw>
<kw name="New Page" owner="Browser">
<msg time="2025-01-30T09:02:06.067674" level="INFO">Successfully initialized new page object and opened url: https://www.saucedemo.com/</msg>
<msg time="2025-01-30T09:02:06.067850" level="INFO">No context was open. New context was automatically opened when this page is created.</msg>
<arg>https://www.saucedemo.com/</arg>
<tag>BrowserControl</tag>
<tag>Setter</tag>
<doc>Open a new Page.</doc>
<status status="PASS" start="2025-01-30T09:02:04.899652" elapsed="1.168585"/>
</kw>
<status status="PASS" start="2025-01-30T09:02:04.892631" elapsed="1.175840"/>
</kw>
<kw name="Submit login form" owner="Login">
<kw name="Fill Text" owner="Browser">
<msg time="2025-01-30T09:02:06.072176" level="INFO">Fills the text 'standard_user' in the given field.</msg>
<arg>xpath=//input[@id='user-name']</arg>
<arg>${username}</arg>
<tag>PageContent</tag>
<tag>Setter</tag>
<doc>Clears and fills the given ``txt`` into the text field found by ``selector``.</doc>
<status status="PASS" start="2025-01-30T09:02:06.070576" elapsed="0.061954"/>
</kw>
<kw name="Fill Text" owner="Browser">
<msg time="2025-01-30T09:02:06.134979" level="INFO">Fills the text 'secret_sauce' in the given field.</msg>
<arg>xpath=//input[@id='password']</arg>
<arg>${password}</arg>
<tag>PageContent</tag>
<tag>Setter</tag>
<doc>Clears and fills the given ``txt`` into the text field found by ``selector``.</doc>
<status status="PASS" start="2025-01-30T09:02:06.133074" elapsed="0.042275"/>
</kw>
<kw name="Click" owner="Browser">
<msg time="2025-01-30T09:02:06.176992" level="INFO">Clicks the element 'xpath=//input[@id='login-button']'.</msg>
<arg>xpath=//input[@id='login-button']</arg>
<tag>PageContent</tag>
<tag>Setter</tag>
<doc>Simulates mouse click on the element found by ``selector``.</doc>
<status status="PASS" start="2025-01-30T09:02:06.175748" elapsed="0.143092"/>
</kw>
<arg>standard_user</arg>
<arg>secret_sauce</arg>
<status status="PASS" start="2025-01-30T09:02:06.069287" elapsed="0.249789"/>
</kw>
<kw name="Click product and check details" owner="Inventory">
<kw name="Click" owner="Browser">
<msg time="2025-01-30T09:02:06.321921" level="INFO">Clicks the element 'xpath=//div[text()="Sauce Labs Backpack"]'.</msg>
<arg>xpath=//div[text()="Sauce Labs Backpack"]</arg>
<tag>PageContent</tag>
<tag>Setter</tag>
<doc>Simulates mouse click on the element found by ``selector``.</doc>
<status status="PASS" start="2025-01-30T09:02:06.320895" elapsed="0.099652"/>
</kw>
<kw name="Wait For Elements State" owner="Browser">
<msg time="2025-01-30T09:02:06.434048" level="INFO">Waited for Element with selector text=Sauce Labs Backpack at state visible</msg>
<arg>text=Sauce Labs Backpack</arg>
<arg>visible</arg>
<arg>5</arg>
<tag>PageContent</tag>
<tag>Wait</tag>
<doc>Waits for the element found by ``selector`` to satisfy state option.</doc>
<status status="PASS" start="2025-01-30T09:02:06.420908" elapsed="0.013387"/>
</kw>
<status status="PASS" start="2025-01-30T09:02:06.319796" elapsed="0.114679"/>
</kw>
<kw name="Take Screenshot" owner="Browser" type="TEARDOWN">
<msg time="2025-01-30T09:02:06.585168" level="INFO" html="true">&lt;/td&gt;&lt;/tr&gt;&lt;tr&gt;&lt;td colspan="3"&gt;&lt;a href="browser/screenshot/robotframework-browser-screenshot-7.png" target="_blank"&gt;&lt;img src="browser/screenshot/robotframework-browser-screenshot-7.png" width="800px"/&gt;&lt;/a&gt;</msg>
<tag>PageContent</tag>
<doc>Takes a screenshot of the current window or element and saves it to disk.</doc>
<status status="PASS" start="2025-01-30T09:02:06.435009" elapsed="0.150457"/>
</kw>
<tag>Item</tag>
<status status="PASS" start="2025-01-30T09:02:04.887753" elapsed="1.698206"/>
</test>
<test id="s1-s4-t2" name="Deve exibir produtos em ordem alfabética crescente." line="20">
<kw name="Start session" owner="Base" type="SETUP">
<kw name="New Browser" owner="Browser">
<msg time="2025-01-30T09:02:06.723236" level="INFO">Switching browser to browser=5a089f7b-915b-4921-bec6-8ac49cf4964c</msg>
<msg time="2025-01-30T09:02:06.728323" level="INFO">Successfully changed active browser: browser=5a089f7b-915b-4921-bec6-8ac49cf4964c</msg>
<msg time="2025-01-30T09:02:06.728635" level="INFO">Reusing existing browser with id: browser=5a089f7b-915b-4921-bec6-8ac49cf4964c</msg>
<arg>browser=chromium</arg>
<arg>headless=False</arg>
<tag>BrowserControl</tag>
<tag>Setter</tag>
<doc>Create a new playwright Browser with specified options.</doc>
<status status="PASS" start="2025-01-30T09:02:06.721761" elapsed="0.007064"/>
</kw>
<kw name="New Page" owner="Browser">
<msg time="2025-01-30T09:02:08.005242" level="INFO">Successfully initialized new page object and opened url: https://www.saucedemo.com/</msg>
<msg time="2025-01-30T09:02:08.005432" level="INFO">No context was open. New context was automatically opened when this page is created.</msg>
<arg>https://www.saucedemo.com/</arg>
<tag>BrowserControl</tag>
<tag>Setter</tag>
<doc>Open a new Page.</doc>
<status status="PASS" start="2025-01-30T09:02:06.729485" elapsed="1.276574"/>
</kw>
<status status="PASS" start="2025-01-30T09:02:06.720428" elapsed="1.285893"/>
</kw>
<kw name="Submit login form" owner="Login">
<kw name="Fill Text" owner="Browser">
<msg time="2025-01-30T09:02:08.011784" level="INFO">Fills the text 'standard_user' in the given field.</msg>
<arg>xpath=//input[@id='user-name']</arg>
<arg>${username}</arg>
<tag>PageContent</tag>
<tag>Setter</tag>
<doc>Clears and fills the given ``txt`` into the text field found by ``selector``.</doc>
<status status="PASS" start="2025-01-30T09:02:08.009275" elapsed="0.073346"/>
</kw>
<kw name="Fill Text" owner="Browser">
<msg time="2025-01-30T09:02:08.085700" level="INFO">Fills the text 'secret_sauce' in the given field.</msg>
<arg>xpath=//input[@id='password']</arg>
<arg>${password}</arg>
<tag>PageContent</tag>
<tag>Setter</tag>
<doc>Clears and fills the given ``txt`` into the text field found by ``selector``.</doc>
<status status="PASS" start="2025-01-30T09:02:08.083304" elapsed="0.032807"/>
</kw>
<kw name="Click" owner="Browser">
<msg time="2025-01-30T09:02:08.117910" level="INFO">Clicks the element 'xpath=//input[@id='login-button']'.</msg>
<arg>xpath=//input[@id='login-button']</arg>
<tag>PageContent</tag>
<tag>Setter</tag>
<doc>Simulates mouse click on the element found by ``selector``.</doc>
<status status="PASS" start="2025-01-30T09:02:08.116585" elapsed="0.111312"/>
</kw>
<arg>standard_user</arg>
<arg>secret_sauce</arg>
<status status="PASS" start="2025-01-30T09:02:08.007135" elapsed="0.221182"/>
</kw>
<kw name="Wait For Elements State" owner="Browser">
<msg time="2025-01-30T09:02:08.268198" level="INFO">Waited for Element with selector css=select[data-test="product-sort-container"] at state visible</msg>
<arg>css=select[data-test="product-sort-container"]</arg>
<arg>visible</arg>
<tag>PageContent</tag>
<tag>Wait</tag>
<doc>Waits for the element found by ``selector`` to satisfy state option.</doc>
<status status="PASS" start="2025-01-30T09:02:08.229363" elapsed="0.039153"/>
</kw>
<kw name="Select Options By" owner="Browser">
<msg time="2025-01-30T09:02:08.270557" level="INFO">Selects the option(s) az by attribute SelectAttribute.value from element css=select[data-test="product-sort-container"].</msg>
<arg>css=select[data-test="product-sort-container"]</arg>
<arg>value</arg>
<arg>az</arg>
<tag>PageContent</tag>
<tag>Setter</tag>
<doc>Selects options from select element found by ``selector``.</doc>
<status status="PASS" start="2025-01-30T09:02:08.269331" elapsed="0.078847"/>
</kw>
<kw name="Get Elements" owner="Browser">
<msg time="2025-01-30T09:02:08.365255" level="INFO">Found locator('.inventory_item_name').first(),locator('.inventory_item_name').nth(1),locator('.inventory_item_name').nth(2),locator('.inventory_item_name').nth(3),locator('.inventory_item_name').nth(4),locator('.inventory_item_name').nth(5) Locators successfully.</msg>
<msg time="2025-01-30T09:02:08.365766" level="INFO">${produtos} = ['css=.inventory_item_name &gt;&gt; nth=0', 'css=.inventory_item_name &gt;&gt; nth=1', 'css=.inventory_item_name &gt;&gt; nth=2', 'css=.inventory_item_name &gt;&gt; nth=3', 'css=.inventory_item_name &gt;&gt; nth=4', 'css=.inventor...</msg>
<var>${produtos}</var>
<arg>css=.inventory_item_name</arg>
<tag>Getter</tag>
<tag>PageContent</tag>
<doc>Returns a reference to Playwright [https://playwright.dev/docs/api/class-locator|Locator]
for all matched elements by ``selector``.</doc>
<status status="PASS" start="2025-01-30T09:02:08.348757" elapsed="0.017078"/>
</kw>
<kw name="Create List" owner="BuiltIn">
<msg time="2025-01-30T09:02:08.367325" level="INFO">${nomes_produtos} = []</msg>
<var>${nomes_produtos}</var>
<doc>Returns a list containing given items.</doc>
<status status="PASS" start="2025-01-30T09:02:08.366483" elapsed="0.000903"/>
</kw>
<for flavor="IN">
<iter>
<kw name="Get Text" owner="Browser">
<msg time="2025-01-30T09:02:08.402365" level="INFO">Text: 'Sauce Labs Backpack'</msg>
<msg time="2025-01-30T09:02:08.402574" level="INFO">${nome} = Sauce Labs Backpack</msg>
<var>${nome}</var>
<arg>${produto}</arg>
<tag>Assertion</tag>
<tag>Getter</tag>
<tag>PageContent</tag>
<doc>Returns text attribute of the element found by ``selector``.</doc>
<status status="PASS" start="2025-01-30T09:02:08.369814" elapsed="0.032806"/>
</kw>
<kw name="Append To List" owner="Collections">
<arg>${nomes_produtos}</arg>
<arg>${nome}</arg>
<doc>Adds ``values`` to the end of ``list``.</doc>
<status status="PASS" start="2025-01-30T09:02:08.402923" elapsed="0.000803"/>
</kw>
<var name="${produto}">css=.inventory_item_name &gt;&gt; nth=0</var>
<status status="PASS" start="2025-01-30T09:02:08.368924" elapsed="0.034918"/>
</iter>
<iter>
<kw name="Get Text" owner="Browser">
<msg time="2025-01-30T09:02:08.431673" level="INFO">Text: 'Sauce Labs Bike Light'</msg>
<msg time="2025-01-30T09:02:08.431884" level="INFO">${nome} = Sauce Labs Bike Light</msg>
<var>${nome}</var>
<arg>${produto}</arg>
<tag>Assertion</tag>
<tag>Getter</tag>
<tag>PageContent</tag>
<doc>Returns text attribute of the element found by ``selector``.</doc>
<status status="PASS" start="2025-01-30T09:02:08.404611" elapsed="0.027321"/>
</kw>
<kw name="Append To List" owner="Collections">
<arg>${nomes_produtos}</arg>
<arg>${nome}</arg>
<doc>Adds ``values`` to the end of ``list``.</doc>
<status status="PASS" start="2025-01-30T09:02:08.432231" elapsed="0.000663"/>
</kw>
<var name="${produto}">css=.inventory_item_name &gt;&gt; nth=1</var>
<status status="PASS" start="2025-01-30T09:02:08.404076" elapsed="0.028939"/>
</iter>
<iter>
<kw name="Get Text" owner="Browser">
<msg time="2025-01-30T09:02:08.456619" level="INFO">Text: 'Sauce Labs Bolt T-Shirt'</msg>
<msg time="2025-01-30T09:02:08.456832" level="INFO">${nome} = Sauce Labs Bolt T-Shirt</msg>
<var>${nome}</var>
<arg>${produto}</arg>
<tag>Assertion</tag>
<tag>Getter</tag>
<tag>PageContent</tag>
<doc>Returns text attribute of the element found by ``selector``.</doc>
<status status="PASS" start="2025-01-30T09:02:08.433651" elapsed="0.023229"/>
</kw>
<kw name="Append To List" owner="Collections">
<arg>${nomes_produtos}</arg>
<arg>${nome}</arg>
<doc>Adds ``values`` to the end of ``list``.</doc>
<status status="PASS" start="2025-01-30T09:02:08.457182" elapsed="0.000640"/>
</kw>
<var name="${produto}">css=.inventory_item_name &gt;&gt; nth=2</var>
<status status="PASS" start="2025-01-30T09:02:08.433235" elapsed="0.024663"/>
</iter>
<iter>
<kw name="Get Text" owner="Browser">
<msg time="2025-01-30T09:02:08.483173" level="INFO">Text: 'Sauce Labs Fleece Jacket'</msg>
<msg time="2025-01-30T09:02:08.483377" level="INFO">${nome} = Sauce Labs Fleece Jacket</msg>
<var>${nome}</var>
<arg>${produto}</arg>
<tag>Assertion</tag>
<tag>Getter</tag>
<tag>PageContent</tag>
<doc>Returns text attribute of the element found by ``selector``.</doc>
<status status="PASS" start="2025-01-30T09:02:08.458437" elapsed="0.024985"/>
</kw>
<kw name="Append To List" owner="Collections">
<arg>${nomes_produtos}</arg>
<arg>${nome}</arg>
<doc>Adds ``values`` to the end of ``list``.</doc>
<status status="PASS" start="2025-01-30T09:02:08.483710" elapsed="0.000652"/>
</kw>
<var name="${produto}">css=.inventory_item_name &gt;&gt; nth=3</var>
<status status="PASS" start="2025-01-30T09:02:08.458091" elapsed="0.026363"/>
</iter>
<iter>
<kw name="Get Text" owner="Browser">
<msg time="2025-01-30T09:02:08.507246" level="INFO">Text: 'Sauce Labs Onesie'</msg>
<msg time="2025-01-30T09:02:08.507449" level="INFO">${nome} = Sauce Labs Onesie</msg>
<var>${nome}</var>
<arg>${produto}</arg>
<tag>Assertion</tag>
<tag>Getter</tag>
<tag>PageContent</tag>
<doc>Returns text attribute of the element found by ``selector``.</doc>
<status status="PASS" start="2025-01-30T09:02:08.485024" elapsed="0.022470"/>
</kw>
<kw name="Append To List" owner="Collections">
<arg>${nomes_produtos}</arg>
<arg>${nome}</arg>
<doc>Adds ``values`` to the end of ``list``.</doc>
<status status="PASS" start="2025-01-30T09:02:08.507904" elapsed="0.000639"/>
</kw>
<var name="${produto}">css=.inventory_item_name &gt;&gt; nth=4</var>
<status status="PASS" start="2025-01-30T09:02:08.484677" elapsed="0.023978"/>
</iter>
<iter>
<kw name="Get Text" owner="Browser">
<msg time="2025-01-30T09:02:08.530934" level="INFO">Text: 'Test.allTheThings() T-Shirt (Red)'</msg>
<msg time="2025-01-30T09:02:08.531148" level="INFO">${nome} = Test.allTheThings() T-Shirt (Red)</msg>
<var>${nome}</var>
<arg>${produto}</arg>
<tag>Assertion</tag>
<tag>Getter</tag>
<tag>PageContent</tag>
<doc>Returns text attribute of the element found by ``selector``.</doc>
<status status="PASS" start="2025-01-30T09:02:08.509162" elapsed="0.022030"/>
</kw>
<kw name="Append To List" owner="Collections">
<arg>${nomes_produtos}</arg>
<arg>${nome}</arg>
<doc>Adds ``values`` to the end of ``list``.</doc>
<status status="PASS" start="2025-01-30T09:02:08.531480" elapsed="0.000680"/>
</kw>
<var name="${produto}">css=.inventory_item_name &gt;&gt; nth=5</var>
<status status="PASS" start="2025-01-30T09:02:08.508821" elapsed="0.023431"/>
</iter>
<var>${produto}</var>
<value>@{produtos}</value>
<status status="PASS" start="2025-01-30T09:02:08.367781" elapsed="0.164595"/>
</for>
<kw name="Log" owner="BuiltIn">
<msg time="2025-01-30T09:02:08.533739" level="INFO">['Sauce Labs Backpack', 'Sauce Labs Bike Light', 'Sauce Labs Bolt T-Shirt', 'Sauce Labs Fleece Jacket', 'Sauce Labs Onesie', 'Test.allTheThings() T-Shirt (Red)']</msg>
<arg>${nomes_produtos}</arg>
<doc>Logs the given message with the given level.</doc>
<status status="PASS" start="2025-01-30T09:02:08.532950" elapsed="0.000908"/>
</kw>
<kw name="Verificar Ordem Alfabetica" owner="lista">
<arg>${nomes_produtos}</arg>
<doc>Verifica se uma lista de strings está em ordem alfabética crescente.</doc>
<status status="PASS" start="2025-01-30T09:02:08.534272" elapsed="0.000453"/>
</kw>
<kw name="Take Screenshot" owner="Browser" type="TEARDOWN">
<msg time="2025-01-30T09:02:08.689682" level="INFO" html="true">&lt;/td&gt;&lt;/tr&gt;&lt;tr&gt;&lt;td colspan="3"&gt;&lt;a href="browser/screenshot/robotframework-browser-screenshot-8.png" target="_blank"&gt;&lt;img src="browser/screenshot/robotframework-browser-screenshot-8.png" width="800px"/&gt;&lt;/a&gt;</msg>
<tag>PageContent</tag>
<doc>Takes a screenshot of the current window or element and saves it to disk.</doc>
<status status="PASS" start="2025-01-30T09:02:08.535297" elapsed="0.154618"/>
</kw>
<status status="PASS" start="2025-01-30T09:02:06.713534" elapsed="1.976777"/>
</test>
<test id="s1-s4-t3" name="Deve exibir produtos em ordem alfabética decrescente." line="38">
<kw name="Start session" owner="Base" type="SETUP">
<kw name="New Browser" owner="Browser">
<msg time="2025-01-30T09:02:08.824411" level="INFO">Switching browser to browser=5a089f7b-915b-4921-bec6-8ac49cf4964c</msg>
<msg time="2025-01-30T09:02:08.832179" level="INFO">Successfully changed active browser: browser=5a089f7b-915b-4921-bec6-8ac49cf4964c</msg>
<msg time="2025-01-30T09:02:08.832513" level="INFO">Reusing existing browser with id: browser=5a089f7b-915b-4921-bec6-8ac49cf4964c</msg>
<arg>browser=chromium</arg>
<arg>headless=False</arg>
<tag>BrowserControl</tag>
<tag>Setter</tag>
<doc>Create a new playwright Browser with specified options.</doc>
<status status="PASS" start="2025-01-30T09:02:08.822595" elapsed="0.010140"/>
</kw>
<kw name="New Page" owner="Browser">
<msg time="2025-01-30T09:02:10.194856" level="INFO">Successfully initialized new page object and opened url: https://www.saucedemo.com/</msg>
<msg time="2025-01-30T09:02:10.194967" level="INFO">No context was open. New context was automatically opened when this page is created.</msg>
<arg>https://www.saucedemo.com/</arg>
<tag>BrowserControl</tag>
<tag>Setter</tag>
<doc>Open a new Page.</doc>
<status status="PASS" start="2025-01-30T09:02:08.833233" elapsed="1.362034"/>
</kw>
<status status="PASS" start="2025-01-30T09:02:08.820022" elapsed="1.375483"/>
</kw>
<kw name="Submit login form" owner="Login">
<kw name="Fill Text" owner="Browser">
<msg time="2025-01-30T09:02:10.198531" level="INFO">Fills the text 'standard_user' in the given field.</msg>
<arg>xpath=//input[@id='user-name']</arg>
<arg>${username}</arg>
<tag>PageContent</tag>
<tag>Setter</tag>
<doc>Clears and fills the given ``txt`` into the text field found by ``selector``.</doc>
<status status="PASS" start="2025-01-30T09:02:10.197340" elapsed="0.061728"/>
</kw>
<kw name="Fill Text" owner="Browser">
<msg time="2025-01-30T09:02:10.263266" level="INFO">Fills the text 'secret_sauce' in the given field.</msg>
<arg>xpath=//input[@id='password']</arg>
<arg>${password}</arg>
<tag>PageContent</tag>
<tag>Setter</tag>
<doc>Clears and fills the given ``txt`` into the text field found by ``selector``.</doc>
<status status="PASS" start="2025-01-30T09:02:10.259743" elapsed="0.036577"/>
</kw>
<kw name="Click" owner="Browser">
<msg time="2025-01-30T09:02:10.297938" level="INFO">Clicks the element 'xpath=//input[@id='login-button']'.</msg>
<arg>xpath=//input[@id='login-button']</arg>
<tag>PageContent</tag>
<tag>Setter</tag>
<doc>Simulates mouse click on the element found by ``selector``.</doc>
<status status="PASS" start="2025-01-30T09:02:10.296714" elapsed="0.135133"/>
</kw>
<arg>standard_user</arg>
<arg>secret_sauce</arg>
<status status="PASS" start="2025-01-30T09:02:10.196070" elapsed="0.236167"/>
</kw>
<kw name="Wait For Elements State" owner="Browser">
<msg time="2025-01-30T09:02:10.451975" level="INFO">Waited for Element with selector css=select[data-test="product-sort-container"] at state visible</msg>
<arg>css=select[data-test="product-sort-container"]</arg>
<arg>visible</arg>
<tag>PageContent</tag>
<tag>Wait</tag>
<doc>Waits for the element found by ``selector`` to satisfy state option.</doc>
<status status="PASS" start="2025-01-30T09:02:10.433445" elapsed="0.018931"/>
</kw>
<kw name="Select Options By" owner="Browser">
<msg time="2025-01-30T09:02:10.454714" level="INFO">Selects the option(s) za by attribute SelectAttribute.value from element css=select[data-test="product-sort-container"].</msg>
<arg>css=select[data-test="product-sort-container"]</arg>
<arg>value</arg>
<arg>za</arg>
<tag>PageContent</tag>
<tag>Setter</tag>
<doc>Selects options from select element found by ``selector``.</doc>
<status status="PASS" start="2025-01-30T09:02:10.453026" elapsed="0.073151"/>
</kw>
<kw name="Get Elements" owner="Browser">
<msg time="2025-01-30T09:02:10.547656" level="INFO">Found locator('.inventory_item_name').first(),locator('.inventory_item_name').nth(1),locator('.inventory_item_name').nth(2),locator('.inventory_item_name').nth(3),locator('.inventory_item_name').nth(4),locator('.inventory_item_name').nth(5) Locators successfully.</msg>
<msg time="2025-01-30T09:02:10.548059" level="INFO">${produtos} = ['css=.inventory_item_name &gt;&gt; nth=0', 'css=.inventory_item_name &gt;&gt; nth=1', 'css=.inventory_item_name &gt;&gt; nth=2', 'css=.inventory_item_name &gt;&gt; nth=3', 'css=.inventory_item_name &gt;&gt; nth=4', 'css=.inventor...</msg>
<var>${produtos}</var>
<arg>css=.inventory_item_name</arg>
<tag>Getter</tag>
<tag>PageContent</tag>
<doc>Returns a reference to Playwright [https://playwright.dev/docs/api/class-locator|Locator]
for all matched elements by ``selector``.</doc>
<status status="PASS" start="2025-01-30T09:02:10.526848" elapsed="0.021267"/>
</kw>
<kw name="Create List" owner="BuiltIn">
<msg time="2025-01-30T09:02:10.549319" level="INFO">${nomes_produtos} = []</msg>
<var>${nomes_produtos}</var>
<doc>Returns a list containing given items.</doc>
<status status="PASS" start="2025-01-30T09:02:10.548619" elapsed="0.000757"/>
</kw>
<for flavor="IN">
<iter>
<kw name="Get Text" owner="Browser">
<msg time="2025-01-30T09:02:10.578357" level="INFO">Text: 'Test.allTheThings() T-Shirt (Red)'</msg>
<msg time="2025-01-30T09:02:10.578567" level="INFO">${nome} = Test.allTheThings() T-Shirt (Red)</msg>
<var>${nome}</var>
<arg>${produto}</arg>
<tag>Assertion</tag>
<tag>Getter</tag>
<tag>PageContent</tag>
<doc>Returns text attribute of the element found by ``selector``.</doc>
<status status="PASS" start="2025-01-30T09:02:10.551046" elapsed="0.027570"/>
</kw>
<kw name="Append To List" owner="Collections">
<arg>${nomes_produtos}</arg>
<arg>${nome}</arg>
<doc>Adds ``values`` to the end of ``list``.</doc>
<status status="PASS" start="2025-01-30T09:02:10.578974" elapsed="0.000853"/>
</kw>
<var name="${produto}">css=.inventory_item_name &gt;&gt; nth=0</var>
<status status="PASS" start="2025-01-30T09:02:10.550465" elapsed="0.029507"/>
</iter>
<iter>
<kw name="Get Text" owner="Browser">
<msg time="2025-01-30T09:02:10.609069" level="INFO">Text: 'Sauce Labs Onesie'</msg>
<msg time="2025-01-30T09:02:10.609289" level="INFO">${nome} = Sauce Labs Onesie</msg>
<var>${nome}</var>
<arg>${produto}</arg>
<tag>Assertion</tag>
<tag>Getter</tag>
<tag>PageContent</tag>
<doc>Returns text attribute of the element found by ``selector``.</doc>
<status status="PASS" start="2025-01-30T09:02:10.580788" elapsed="0.028548"/>
</kw>
<kw name="Append To List" owner="Collections">
<arg>${nomes_produtos}</arg>
<arg>${nome}</arg>
<doc>Adds ``values`` to the end of ``list``.</doc>
<status status="PASS" start="2025-01-30T09:02:10.609644" elapsed="0.000757"/>
</kw>
<var name="${produto}">css=.inventory_item_name &gt;&gt; nth=1</var>
<status status="PASS" start="2025-01-30T09:02:10.580214" elapsed="0.030298"/>
</iter>
<iter>
<kw name="Get Text" owner="Browser">
<msg time="2025-01-30T09:02:10.636459" level="INFO">Text: 'Sauce Labs Fleece Jacket'</msg>
<msg time="2025-01-30T09:02:10.636726" level="INFO">${nome} = Sauce Labs Fleece Jacket</msg>
<var>${nome}</var>
<arg>${produto}</arg>
<tag>Assertion</tag>
<tag>Getter</tag>
<tag>PageContent</tag>
<doc>Returns text attribute of the element found by ``selector``.</doc>
<status status="PASS" start="2025-01-30T09:02:10.611197" elapsed="0.025577"/>
</kw>
<kw name="Append To List" owner="Collections">
<arg>${nomes_produtos}</arg>
<arg>${nome}</arg>
<doc>Adds ``values`` to the end of ``list``.</doc>
<status status="PASS" start="2025-01-30T09:02:10.637040" elapsed="0.000762"/>
</kw>
<var name="${produto}">css=.inventory_item_name &gt;&gt; nth=2</var>
<status status="PASS" start="2025-01-30T09:02:10.610717" elapsed="0.027204"/>
</iter>
<iter>
<kw name="Get Text" owner="Browser">
<msg time="2025-01-30T09:02:10.664088" level="INFO">Text: 'Sauce Labs Bolt T-Shirt'</msg>
<msg time="2025-01-30T09:02:10.664351" level="INFO">${nome} = Sauce Labs Bolt T-Shirt</msg>
<var>${nome}</var>
<arg>${produto}</arg>
<tag>Assertion</tag>
<tag>Getter</tag>
<tag>PageContent</tag>
<doc>Returns text attribute of the element found by ``selector``.</doc>
<status status="PASS" start="2025-01-30T09:02:10.638697" elapsed="0.025703"/>
</kw>
<kw name="Append To List" owner="Collections">
<arg>${nomes_produtos}</arg>
<arg>${nome}</arg>
<doc>Adds ``values`` to the end of ``list``.</doc>
<status status="PASS" start="2025-01-30T09:02:10.664697" elapsed="0.000926"/>
</kw>
<var name="${produto}">css=.inventory_item_name &gt;&gt; nth=3</var>
<status status="PASS" start="2025-01-30T09:02:10.638131" elapsed="0.027623"/>
</iter>
<iter>
<kw name="Get Text" owner="Browser">
<msg time="2025-01-30T09:02:10.688585" level="INFO">Text: 'Sauce Labs Bike Light'</msg>
<msg time="2025-01-30T09:02:10.688793" level="INFO">${nome} = Sauce Labs Bike Light</msg>
<var>${nome}</var>
<arg>${produto}</arg>
<tag>Assertion</tag>
<tag>Getter</tag>
<tag>PageContent</tag>
<doc>Returns text attribute of the element found by ``selector``.</doc>
<status status="PASS" start="2025-01-30T09:02:10.666529" elapsed="0.022309"/>
</kw>
<kw name="Append To List" owner="Collections">
<arg>${nomes_produtos}</arg>
<arg>${nome}</arg>
<doc>Adds ``values`` to the end of ``list``.</doc>
<status status="PASS" start="2025-01-30T09:02:10.689126" elapsed="0.000643"/>
</kw>
<var name="${produto}">css=.inventory_item_name &gt;&gt; nth=4</var>
<status status="PASS" start="2025-01-30T09:02:10.665967" elapsed="0.023876"/>
</iter>
<iter>
<kw name="Get Text" owner="Browser">
<msg time="2025-01-30T09:02:10.713242" level="INFO">Text: 'Sauce Labs Backpack'</msg>
<msg time="2025-01-30T09:02:10.713440" level="INFO">${nome} = Sauce Labs Backpack</msg>
<var>${nome}</var>
<arg>${produto}</arg>
<tag>Assertion</tag>
<tag>Getter</tag>
<tag>PageContent</tag>
<doc>Returns text attribute of the element found by ``selector``.</doc>
<status status="PASS" start="2025-01-30T09:02:10.690378" elapsed="0.023106"/>
</kw>
<kw name="Append To List" owner="Collections">
<arg>${nomes_produtos}</arg>
<arg>${nome}</arg>
<doc>Adds ``values`` to the end of ``list``.</doc>
<status status="PASS" start="2025-01-30T09:02:10.713780" elapsed="0.000639"/>
</kw>
<var name="${produto}">css=.inventory_item_name &gt;&gt; nth=5</var>
<status status="PASS" start="2025-01-30T09:02:10.690036" elapsed="0.024465"/>
</iter>
<var>${produto}</var>
<value>@{produtos}</value>
<status status="PASS" start="2025-01-30T09:02:10.549774" elapsed="0.164835"/>
</for>
<kw name="Log" owner="BuiltIn">
<msg time="2025-01-30T09:02:10.716281" level="INFO">['Test.allTheThings() T-Shirt (Red)', 'Sauce Labs Onesie', 'Sauce Labs Fleece Jacket', 'Sauce Labs Bolt T-Shirt', 'Sauce Labs Bike Light', 'Sauce Labs Backpack']</msg>
<arg>${nomes_produtos}</arg>
<doc>Logs the given message with the given level.</doc>
<status status="PASS" start="2025-01-30T09:02:10.715091" elapsed="0.001320"/>
</kw>
<kw name="Verificar Ordem Alfabetica Decrescente" owner="lista">
<arg>${nomes_produtos}</arg>
<doc>Verifica se uma lista de strings está em ordem alfabética crescente.</doc>
<status status="PASS" start="2025-01-30T09:02:10.716949" elapsed="0.000645"/>
</kw>
<kw name="Take Screenshot" owner="Browser" type="TEARDOWN">
<msg time="2025-01-30T09:02:10.892653" level="INFO" html="true">&lt;/td&gt;&lt;/tr&gt;&lt;tr&gt;&lt;td colspan="3"&gt;&lt;a href="browser/screenshot/robotframework-browser-screenshot-9.png" target="_blank"&gt;&lt;img src="browser/screenshot/robotframework-browser-screenshot-9.png" width="800px"/&gt;&lt;/a&gt;</msg>
<tag>PageContent</tag>
<doc>Takes a screenshot of the current window or element and saves it to disk.</doc>
<status status="PASS" start="2025-01-30T09:02:10.718252" elapsed="0.174671"/>
</kw>
<tag>Teste</tag>
<status status="PASS" start="2025-01-30T09:02:08.812466" elapsed="2.080840"/>
</test>
<test id="s1-s4-t4" name="Deve exibir produtos em ordem crescente de preço." line="57">
<kw name="Start session" owner="Base" type="SETUP">
<kw name="New Browser" owner="Browser">
<msg time="2025-01-30T09:02:11.027447" level="INFO">Switching browser to browser=5a089f7b-915b-4921-bec6-8ac49cf4964c</msg>
<msg time="2025-01-30T09:02:11.034058" level="INFO">Successfully changed active browser: browser=5a089f7b-915b-4921-bec6-8ac49cf4964c</msg>
[...]
<var>${produtos}</var>
<arg>css=.inventory_item_price</arg>
<tag>Getter</tag>
<tag>PageContent</tag>
<doc>Returns a reference to Playwright [https://playwright.dev/docs/api/class-locator|Locator]
for all matched elements by ``selector``.</doc>
<status status="PASS" start="2025-01-30T09:02:12.727728" elapsed="0.014646"/>
</kw>
<kw name="Create List" owner="BuiltIn">
<msg time="2025-01-30T09:02:12.743502" level="INFO">${preco_produtos} = []</msg>
<var>${preco_produtos}</var>
<doc>Returns a list containing given items.</doc>
<status status="PASS" start="2025-01-30T09:02:12.742865" elapsed="0.000689"/>
</kw>
<for flavor="IN">
<iter>
<kw name="Get Text" owner="Browser">
<msg time="2025-01-30T09:02:12.772483" level="INFO">Text: '$7.99'</msg>
<msg time="2025-01-30T09:02:12.772695" level="INFO">${nome} = $7.99</msg>
<var>${nome}</var>
<arg>${produto}</arg>
<tag>Assertion</tag>
<tag>Getter</tag>
<tag>PageContent</tag>
<doc>Returns text attribute of the element found by ``selector``.</doc>
<status status="PASS" start="2025-01-30T09:02:12.744907" elapsed="0.027835"/>
</kw>
<kw name="Append To List" owner="Collections">
<arg>${preco_produtos}</arg>
<arg>${nome}</arg>
<doc>Adds ``values`` to the end of ``list``.</doc>
<status status="PASS" start="2025-01-30T09:02:12.773038" elapsed="0.000614"/>
</kw>
<var name="${produto}">css=.inventory_item_price &gt;&gt; nth=0</var>
<status status="PASS" start="2025-01-30T09:02:12.744446" elapsed="0.029284"/>
</iter>
<iter>
<kw name="Get Text" owner="Browser">
<msg time="2025-01-30T09:02:12.800560" level="INFO">Text: '$9.99'</msg>
<msg time="2025-01-30T09:02:12.800746" level="INFO">${nome} = $9.99</msg>
<var>${nome}</var>
<arg>${produto}</arg>
<tag>Assertion</tag>
<tag>Getter</tag>
<tag>PageContent</tag>
<doc>Returns text attribute of the element found by ``selector``.</doc>
<status status="PASS" start="2025-01-30T09:02:12.774280" elapsed="0.026504"/>
</kw>
<kw name="Append To List" owner="Collections">
<arg>${preco_produtos}</arg>
<arg>${nome}</arg>
<doc>Adds ``values`` to the end of ``list``.</doc>
<status status="PASS" start="2025-01-30T09:02:12.801043" elapsed="0.000584"/>
</kw>
<var name="${produto}">css=.inventory_item_price &gt;&gt; nth=1</var>
<status status="PASS" start="2025-01-30T09:02:12.773929" elapsed="0.027775"/>
</iter>
<iter>
<kw name="Get Text" owner="Browser">
<msg time="2025-01-30T09:02:12.825972" level="INFO">Text: '$15.99'</msg>
<msg time="2025-01-30T09:02:12.826205" level="INFO">${nome} = $15.99</msg>
<var>${nome}</var>
<arg>${produto}</arg>
<tag>Assertion</tag>
<tag>Getter</tag>
<tag>PageContent</tag>
<doc>Returns text attribute of the element found by ``selector``.</doc>
<status status="PASS" start="2025-01-30T09:02:12.802244" elapsed="0.024015"/>
</kw>
<kw name="Append To List" owner="Collections">
<arg>${preco_produtos}</arg>
<arg>${nome}</arg>
<doc>Adds ``values`` to the end of ``list``.</doc>
<status status="PASS" start="2025-01-30T09:02:12.826587" elapsed="0.001128"/>
</kw>
<var name="${produto}">css=.inventory_item_price &gt;&gt; nth=2</var>
<status status="PASS" start="2025-01-30T09:02:12.801870" elapsed="0.025993"/>
</iter>
<iter>
<kw name="Get Text" owner="Browser">
<msg time="2025-01-30T09:02:12.855465" level="INFO">Text: '$15.99'</msg>
<msg time="2025-01-30T09:02:12.855680" level="INFO">${nome} = $15.99</msg>
<var>${nome}</var>
<arg>${produto}</arg>
<tag>Assertion</tag>
<tag>Getter</tag>
<tag>PageContent</tag>
<doc>Returns text attribute of the element found by ``selector``.</doc>
<status status="PASS" start="2025-01-30T09:02:12.828779" elapsed="0.026949"/>
</kw>
<kw name="Append To List" owner="Collections">
<arg>${preco_produtos}</arg>
<arg>${nome}</arg>
<doc>Adds ``values`` to the end of ``list``.</doc>
<status status="PASS" start="2025-01-30T09:02:12.856038" elapsed="0.000694"/>
</kw>
<var name="${produto}">css=.inventory_item_price &gt;&gt; nth=3</var>
<status status="PASS" start="2025-01-30T09:02:12.828107" elapsed="0.028758"/>
</iter>
<iter>
<kw name="Get Text" owner="Browser">
<msg time="2025-01-30T09:02:12.882286" level="INFO">Text: '$29.99'</msg>
<msg time="2025-01-30T09:02:12.882466" level="INFO">${nome} = $29.99</msg>
<var>${nome}</var>
<arg>${produto}</arg>
<tag>Assertion</tag>
<tag>Getter</tag>
<tag>PageContent</tag>
<doc>Returns text attribute of the element found by ``selector``.</doc>
<status status="PASS" start="2025-01-30T09:02:12.857475" elapsed="0.025027"/>
</kw>
<kw name="Append To List" owner="Collections">
<arg>${preco_produtos}</arg>
<arg>${nome}</arg>
<doc>Adds ``values`` to the end of ``list``.</doc>
<status status="PASS" start="2025-01-30T09:02:12.882770" elapsed="0.000667"/>
</kw>
<var name="${produto}">css=.inventory_item_price &gt;&gt; nth=4</var>
<status status="PASS" start="2025-01-30T09:02:12.857068" elapsed="0.026461"/>
</iter>
<iter>
<kw name="Get Text" owner="Browser">
<msg time="2025-01-30T09:02:12.908347" level="INFO">Text: '$49.99'</msg>
<msg time="2025-01-30T09:02:12.908585" level="INFO">${nome} = $49.99</msg>
<var>${nome}</var>
<arg>${produto}</arg>
<tag>Assertion</tag>
<tag>Getter</tag>
<tag>PageContent</tag>
<doc>Returns text attribute of the element found by ``selector``.</doc>
<status status="PASS" start="2025-01-30T09:02:12.884192" elapsed="0.024441"/>
</kw>
<kw name="Append To List" owner="Collections">
<arg>${preco_produtos}</arg>
<arg>${nome}</arg>
<doc>Adds ``values`` to the end of ``list``.</doc>
<status status="PASS" start="2025-01-30T09:02:12.908930" elapsed="0.000718"/>
</kw>
<var name="${produto}">css=.inventory_item_price &gt;&gt; nth=5</var>
<status status="PASS" start="2025-01-30T09:02:12.883756" elapsed="0.025997"/>
</iter>
<var>${produto}</var>
<value>@{produtos}</value>
<status status="PASS" start="2025-01-30T09:02:12.743848" elapsed="0.166495"/>
</for>
<kw name="Log" owner="BuiltIn">
<msg time="2025-01-30T09:02:12.911572" level="INFO">['$7.99', '$9.99', '$15.99', '$15.99', '$29.99', '$49.99']</msg>
<arg>${preco_produtos}</arg>
<doc>Logs the given message with the given level.</doc>
<status status="PASS" start="2025-01-30T09:02:12.910821" elapsed="0.000862"/>
</kw>
<kw name="Verificar Numeros Em Ordem Crescente" owner="lista">
<arg>${preco_produtos}</arg>
<doc>Verifica se uma lista de strings representando valores monetários com símbolo de dólar
está em ordem crescente.</doc>
<status status="PASS" start="2025-01-30T09:02:12.912133" elapsed="0.000605"/>
</kw>
<kw name="Take Screenshot" owner="Browser" type="TEARDOWN">
<msg time="2025-01-30T09:02:13.080648" level="INFO" html="true">&lt;/td&gt;&lt;/tr&gt;&lt;tr&gt;&lt;td colspan="3"&gt;&lt;a href="browser/screenshot/robotframework-browser-screenshot-10.png" target="_blank"&gt;&lt;img src="browser/screenshot/robotframework-browser-screenshot-10.png" width="800px"/&gt;&lt;/a&gt;</msg>
<tag>PageContent</tag>
<doc>Takes a screenshot of the current window or element and saves it to disk.</doc>
<status status="PASS" start="2025-01-30T09:02:12.913409" elapsed="0.167445"/>
</kw>
<tag>Price</tag>
<status status="PASS" start="2025-01-30T09:02:11.011936" elapsed="2.069246"/>
</test>
<test id="s1-s4-t5" name="Deve exibir produtos em ordem decrescente de preço." line="76">
<kw name="Start session" owner="Base" type="SETUP">
<kw name="New Browser" owner="Browser">
<msg time="2025-01-30T09:02:13.207608" level="INFO">Switching browser to browser=5a089f7b-915b-4921-bec6-8ac49cf4964c</msg>
<msg time="2025-01-30T09:02:13.215345" level="INFO">Successfully changed active browser: browser=5a089f7b-915b-4921-bec6-8ac49cf4964c</msg>
<msg time="2025-01-30T09:02:13.215758" level="INFO">Reusing existing browser with id: browser=5a089f7b-915b-4921-bec6-8ac49cf4964c</msg>
<arg>browser=chromium</arg>
<arg>headless=False</arg>
<tag>BrowserControl</tag>
<tag>Setter</tag>
<doc>Create a new playwright Browser with specified options.</doc>
<status status="PASS" start="2025-01-30T09:02:13.205960" elapsed="0.009968"/>
</kw>
<kw name="New Page" owner="Browser">
<msg time="2025-01-30T09:02:14.422576" level="INFO">Successfully initialized new page object and opened url: https://www.saucedemo.com/</msg>
<msg time="2025-01-30T09:02:14.422772" level="INFO">No context was open. New context was automatically opened when this page is created.</msg>
<arg>https://www.saucedemo.com/</arg>
<tag>BrowserControl</tag>
<tag>Setter</tag>
<doc>Open a new Page.</doc>
<status status="PASS" start="2025-01-30T09:02:13.216373" elapsed="1.206818"/>
</kw>
<status status="PASS" start="2025-01-30T09:02:13.204440" elapsed="1.219133"/>
</kw>
<kw name="Submit login form" owner="Login">
<kw name="Fill Text" owner="Browser">
<msg time="2025-01-30T09:02:14.427601" level="INFO">Fills the text 'standard_user' in the given field.</msg>
<arg>xpath=//input[@id='user-name']</arg>
<arg>${username}</arg>
<tag>PageContent</tag>
<tag>Setter</tag>
<doc>Clears and fills the given ``txt`` into the text field found by ``selector``.</doc>
<status status="PASS" start="2025-01-30T09:02:14.425981" elapsed="0.069809"/>
</kw>
<kw name="Fill Text" owner="Browser">
<msg time="2025-01-30T09:02:14.497984" level="INFO">Fills the text 'secret_sauce' in the given field.</msg>
<arg>xpath=//input[@id='password']</arg>
<arg>${password}</arg>
<tag>PageContent</tag>
<tag>Setter</tag>
<doc>Clears and fills the given ``txt`` into the text field found by ``selector``.</doc>
<status status="PASS" start="2025-01-30T09:02:14.496270" elapsed="0.035206"/>
</kw>
<kw name="Click" owner="Browser">
<msg time="2025-01-30T09:02:14.533324" level="INFO">Clicks the element 'xpath=//input[@id='login-button']'.</msg>
<arg>xpath=//input[@id='login-button']</arg>
<tag>PageContent</tag>
<tag>Setter</tag>
<doc>Simulates mouse click on the element found by ``selector``.</doc>
<status status="PASS" start="2025-01-30T09:02:14.531905" elapsed="0.124454"/>
</kw>
<arg>standard_user</arg>
<arg>secret_sauce</arg>
<status status="PASS" start="2025-01-30T09:02:14.424464" elapsed="0.232449"/>
</kw>
<kw name="Wait For Elements State" owner="Browser">
<msg time="2025-01-30T09:02:14.706081" level="INFO">Waited for Element with selector css=select[data-test="product-sort-container"] at state visible</msg>
<arg>css=select[data-test="product-sort-container"]</arg>
<arg>visible</arg>
<tag>PageContent</tag>
<tag>Wait</tag>
<doc>Waits for the element found by ``selector`` to satisfy state option.</doc>
<status status="PASS" start="2025-01-30T09:02:14.658277" elapsed="0.048332"/>
</kw>
<kw name="Select Options By" owner="Browser">
<msg time="2025-01-30T09:02:14.709495" level="INFO">Selects the option(s) hilo by attribute SelectAttribute.value from element css=select[data-test="product-sort-container"].</msg>
<arg>css=select[data-test="product-sort-container"]</arg>
<arg>value</arg>
<arg>hilo</arg>
<tag>PageContent</tag>
<tag>Setter</tag>
<doc>Selects options from select element found by ``selector``.</doc>
<status status="PASS" start="2025-01-30T09:02:14.707690" elapsed="0.080023"/>
</kw>
<kw name="Get Elements" owner="Browser">
<msg time="2025-01-30T09:02:14.802465" level="INFO">Found locator('.inventory_item_price').first(),locator('.inventory_item_price').nth(1),locator('.inventory_item_price').nth(2),locator('.inventory_item_price').nth(3),locator('.inventory_item_price').nth(4),locator('.inventory_item_price').nth(5) Locators successfully.</msg>
<msg time="2025-01-30T09:02:14.802822" level="INFO">${produtos} = ['css=.inventory_item_price &gt;&gt; nth=0', 'css=.inventory_item_price &gt;&gt; nth=1', 'css=.inventory_item_price &gt;&gt; nth=2', 'css=.inventory_item_price &gt;&gt; nth=3', 'css=.inventory_item_price &gt;&gt; nth=4', 'css=.inv...</msg>
<var>${produtos}</var>
<arg>css=.inventory_item_price</arg>
<tag>Getter</tag>
<tag>PageContent</tag>
<doc>Returns a reference to Playwright [https://playwright.dev/docs/api/class-locator|Locator]
for all matched elements by ``selector``.</doc>
<status status="PASS" start="2025-01-30T09:02:14.788314" elapsed="0.014567"/>
</kw>
<kw name="Create List" owner="BuiltIn">
<msg time="2025-01-30T09:02:14.804033" level="INFO">${preco_produtos} = []</msg>
<var>${preco_produtos}</var>
<doc>Returns a list containing given items.</doc>
<status status="PASS" start="2025-01-30T09:02:14.803405" elapsed="0.000675"/>
</kw>
<for flavor="IN">
<iter>
<kw name="Get Text" owner="Browser">
<msg time="2025-01-30T09:02:14.837300" level="INFO">Text: '$49.99'</msg>
<msg time="2025-01-30T09:02:14.837534" level="INFO">${nome} = $49.99</msg>
<var>${nome}</var>
<arg>${produto}</arg>
<tag>Assertion</tag>
<tag>Getter</tag>
<tag>PageContent</tag>
<doc>Returns text attribute of the element found by ``selector``.</doc>
<status status="PASS" start="2025-01-30T09:02:14.806065" elapsed="0.031534"/>
</kw>
<kw name="Append To List" owner="Collections">
<arg>${preco_produtos}</arg>
<arg>${nome}</arg>
<doc>Adds ``values`` to the end of ``list``.</doc>
<status status="PASS" start="2025-01-30T09:02:14.838116" elapsed="0.001344"/>
</kw>
<var name="${produto}">css=.inventory_item_price &gt;&gt; nth=0</var>
<status status="PASS" start="2025-01-30T09:02:14.805155" elapsed="0.034757"/>
</iter>
<iter>
<kw name="Get Text" owner="Browser">
<msg time="2025-01-30T09:02:14.868036" level="INFO">Text: '$29.99'</msg>
<msg time="2025-01-30T09:02:14.868247" level="INFO">${nome} = $29.99</msg>
<var>${nome}</var>
<arg>${produto}</arg>
<tag>Assertion</tag>
<tag>Getter</tag>
<tag>PageContent</tag>
<doc>Returns text attribute of the element found by ``selector``.</doc>
<status status="PASS" start="2025-01-30T09:02:14.841250" elapsed="0.027044"/>
</kw>
<kw name="Append To List" owner="Collections">
<arg>${preco_produtos}</arg>
<arg>${nome}</arg>
<doc>Adds ``values`` to the end of ``list``.</doc>
<status status="PASS" start="2025-01-30T09:02:14.868591" elapsed="0.000818"/>
</kw>
<var name="${produto}">css=.inventory_item_price &gt;&gt; nth=1</var>
<status status="PASS" start="2025-01-30T09:02:14.840222" elapsed="0.029312"/>
</iter>
<iter>
<kw name="Get Text" owner="Browser">
<msg time="2025-01-30T09:02:14.893864" level="INFO">Text: '$15.99'</msg>
<msg time="2025-01-30T09:02:14.894078" level="INFO">${nome} = $15.99</msg>
<var>${nome}</var>
<arg>${produto}</arg>
<tag>Assertion</tag>
<tag>Getter</tag>
<tag>PageContent</tag>
<doc>Returns text attribute of the element found by ``selector``.</doc>
<status status="PASS" start="2025-01-30T09:02:14.870448" elapsed="0.023677"/>
</kw>
<kw name="Append To List" owner="Collections">
<arg>${preco_produtos}</arg>
<arg>${nome}</arg>
<doc>Adds ``values`` to the end of ``list``.</doc>
<status status="PASS" start="2025-01-30T09:02:14.894478" elapsed="0.000673"/>
</kw>
<var name="${produto}">css=.inventory_item_price &gt;&gt; nth=2</var>
<status status="PASS" start="2025-01-30T09:02:14.869772" elapsed="0.025507"/>
</iter>
<iter>
<kw name="Get Text" owner="Browser">
<msg time="2025-01-30T09:02:14.918924" level="INFO">Text: '$15.99'</msg>
<msg time="2025-01-30T09:02:14.919134" level="INFO">${nome} = $15.99</msg>
<var>${nome}</var>
<arg>${produto}</arg>
<tag>Assertion</tag>
<tag>Getter</tag>
<tag>PageContent</tag>
<doc>Returns text attribute of the element found by ``selector``.</doc>
<status status="PASS" start="2025-01-30T09:02:14.896051" elapsed="0.023127"/>
</kw>
<kw name="Append To List" owner="Collections">
<arg>${preco_produtos}</arg>
<arg>${nome}</arg>
<doc>Adds ``values`` to the end of ``list``.</doc>
<status status="PASS" start="2025-01-30T09:02:14.919465" elapsed="0.000628"/>
</kw>
<var name="${produto}">css=.inventory_item_price &gt;&gt; nth=3</var>
<status status="PASS" start="2025-01-30T09:02:14.895486" elapsed="0.024682"/>
</iter>
<iter>
<kw name="Get Text" owner="Browser">
<msg time="2025-01-30T09:02:14.943508" level="INFO">Text: '$9.99'</msg>
<msg time="2025-01-30T09:02:14.943713" level="INFO">${nome} = $9.99</msg>
<var>${nome}</var>
<arg>${produto}</arg>
<tag>Assertion</tag>
<tag>Getter</tag>
<tag>PageContent</tag>
<doc>Returns text attribute of the element found by ``selector``.</doc>
<status status="PASS" start="2025-01-30T09:02:14.920694" elapsed="0.023063"/>
</kw>
<kw name="Append To List" owner="Collections">
<arg>${preco_produtos}</arg>
<arg>${nome}</arg>
<doc>Adds ``values`` to the end of ``list``.</doc>
<status status="PASS" start="2025-01-30T09:02:14.944051" elapsed="0.000665"/>
</kw>
<var name="${produto}">css=.inventory_item_price &gt;&gt; nth=4</var>
<status status="PASS" start="2025-01-30T09:02:14.920352" elapsed="0.024456"/>
</iter>
<iter>
<kw name="Get Text" owner="Browser">
<msg time="2025-01-30T09:02:14.968429" level="INFO">Text: '$7.99'</msg>
<msg time="2025-01-30T09:02:14.968635" level="INFO">${nome} = $7.99</msg>
<var>${nome}</var>
<arg>${produto}</arg>
<tag>Assertion</tag>
<tag>Getter</tag>
<tag>PageContent</tag>
<doc>Returns text attribute of the element found by ``selector``.</doc>
<status status="PASS" start="2025-01-30T09:02:14.945466" elapsed="0.023215"/>
</kw>
<kw name="Append To List" owner="Collections">
<arg>${preco_produtos}</arg>
<arg>${nome}</arg>
<doc>Adds ``values`` to the end of ``list``.</doc>
<status status="PASS" start="2025-01-30T09:02:14.968972" elapsed="0.000832"/>
</kw>
<var name="${produto}">css=.inventory_item_price &gt;&gt; nth=5</var>
<status status="PASS" start="2025-01-30T09:02:14.945031" elapsed="0.024893"/>
</iter>
<var>${produto}</var>
<value>@{produtos}</value>
<status status="PASS" start="2025-01-30T09:02:14.804344" elapsed="0.165670"/>
</for>
<kw name="Log" owner="BuiltIn">
<msg time="2025-01-30T09:02:14.971108" level="INFO">['$49.99', '$29.99', '$15.99', '$15.99', '$9.99', '$7.99']</msg>
<arg>${preco_produtos}</arg>
<doc>Logs the given message with the given level.</doc>
<status status="PASS" start="2025-01-30T09:02:14.970450" elapsed="0.000752"/>
</kw>
<kw name="Verificar Numeros Em Ordem Decrescente" owner="lista">
<arg>${preco_produtos}</arg>
<doc>Verifica se uma lista de strings representando valores monetários com símbolo de dólar
está em ordem crescente.</doc>
<status status="PASS" start="2025-01-30T09:02:14.971626" elapsed="0.000616"/>
</kw>
<kw name="Take Screenshot" owner="Browser" type="TEARDOWN">
<msg time="2025-01-30T09:02:15.157471" level="INFO" html="true">&lt;/td&gt;&lt;/tr&gt;&lt;tr&gt;&lt;td colspan="3"&gt;&lt;a href="browser/screenshot/robotframework-browser-screenshot-11.png" target="_blank"&gt;&lt;img src="browser/screenshot/robotframework-browser-screenshot-11.png" width="800px"/&gt;&lt;/a&gt;</msg>
<tag>PageContent</tag>
<doc>Takes a screenshot of the current window or element and saves it to disk.</doc>
<status status="PASS" start="2025-01-30T09:02:14.972924" elapsed="0.184814"/>
</kw>
<status status="PASS" start="2025-01-30T09:02:13.196468" elapsed="1.961708"/>
</test>
<doc>Cenários de teste dos produtos listados</doc>
<status status="PASS" start="2025-01-30T09:02:04.852676" elapsed="10.435194"/>
</suite>
<status status="PASS" start="2025-01-30T09:01:43.634946" elapsed="31.668659"/>
</suite>
<statistics>
<total>
<stat pass="11" fail="0" skip="0">All Tests</stat>
</total>
<tag>
<stat pass="1" fail="0" skip="0">incorrect</stat>
<stat pass="1" fail="0" skip="0">Item</stat>
<stat pass="1" fail="0" skip="0">Price</stat>
<stat pass="1" fail="0" skip="0">Remove</stat>
<stat pass="1" fail="0" skip="0">Test</stat>
<stat pass="1" fail="0" skip="0">Teste</stat>
</tag>
<suite>
<stat pass="11" fail="0" skip="0" id="s1" name="Tests">Tests</stat>
<stat pass="3" fail="0" skip="0" id="s1-s1" name="Cart">Tests.Cart</stat>
<stat pass="1" fail="0" skip="0" id="s1-s2" name="Checkout">Tests.Checkout</stat>
<stat pass="2" fail="0" skip="0" id="s1-s3" name="Login">Tests.Login</stat>
<stat pass="5" fail="0" skip="0" id="s1-s4" name="Products">Tests.Products</stat>
</suite>
</statistics>
<errors>
</errors>
</robot>
